<?xml version="1.0" encoding="UTF-8"?>
<testsuite name="pact.consumer.PactJunitRuleTest" tests="1" skipped="0" failures="0" errors="0" timestamp="2020-10-14T10:19:43" hostname="Com-18-1216-W10" time="0.121">
  <properties/>
  <testcase name="runTest" classname="pact.consumer.PactJunitRuleTest" time="0.121"/>
  <system-out><![CDATA[2020-10-14 17:19:43.665  INFO 9612 --- [    Test worker] .b.t.c.SpringBootTestContextBootstrapper : Neither @ContextConfiguration nor @ContextHierarchy found for test class [pact.consumer.PactJunitRuleTest], using SpringBootContextLoader
2020-10-14 17:19:43.666  INFO 9612 --- [    Test worker] o.s.t.c.support.AbstractContextLoader    : Could not detect default resource locations for test class [pact.consumer.PactJunitRuleTest]: no resource found for suffixes {-context.xml, Context.groovy}.
2020-10-14 17:19:43.667  INFO 9612 --- [    Test worker] t.c.s.AnnotationConfigContextLoaderUtils : Could not detect default configuration classes for test class [pact.consumer.PactJunitRuleTest]: PactJunitRuleTest does not declare any static, non-private, non-final, nested classes annotated with @Configuration.
2020-10-14 17:19:43.671  INFO 9612 --- [    Test worker] .b.t.c.SpringBootTestContextBootstrapper : Found @SpringBootConfiguration pact.consumer.Application for test class pact.consumer.PactJunitRuleTest
2020-10-14 17:19:43.673  INFO 9612 --- [    Test worker] .b.t.c.SpringBootTestContextBootstrapper : Loaded default TestExecutionListener class names from location [META-INF/spring.factories]: [org.springframework.boot.test.autoconfigure.restdocs.RestDocsTestExecutionListener, org.springframework.boot.test.autoconfigure.web.client.MockRestServiceServerResetTestExecutionListener, org.springframework.boot.test.autoconfigure.web.servlet.MockMvcPrintOnlyOnFailureTestExecutionListener, org.springframework.boot.test.autoconfigure.web.servlet.WebDriverTestExecutionListener, org.springframework.boot.test.mock.mockito.MockitoTestExecutionListener, org.springframework.boot.test.mock.mockito.ResetMocksTestExecutionListener, org.springframework.test.context.web.ServletTestExecutionListener, org.springframework.test.context.support.DirtiesContextBeforeModesTestExecutionListener, org.springframework.test.context.support.DependencyInjectionTestExecutionListener, org.springframework.test.context.support.DirtiesContextTestExecutionListener, org.springframework.test.context.transaction.TransactionalTestExecutionListener, org.springframework.test.context.jdbc.SqlScriptsTestExecutionListener]
2020-10-14 17:19:43.677  INFO 9612 --- [    Test worker] .b.t.c.SpringBootTestContextBootstrapper : Could not instantiate TestExecutionListener [org.springframework.test.context.jdbc.SqlScriptsTestExecutionListener]. Specify custom listener classes or make the default listener classes (and their required dependencies) available. Offending class: [org/springframework/transaction/interceptor/TransactionAttribute]
2020-10-14 17:19:43.677  INFO 9612 --- [    Test worker] .b.t.c.SpringBootTestContextBootstrapper : Could not instantiate TestExecutionListener [org.springframework.test.context.transaction.TransactionalTestExecutionListener]. Specify custom listener classes or make the default listener classes (and their required dependencies) available. Offending class: [org/springframework/transaction/interceptor/TransactionAttributeSource]
2020-10-14 17:19:43.678  INFO 9612 --- [    Test worker] .b.t.c.SpringBootTestContextBootstrapper : Using TestExecutionListeners: [org.springframework.test.context.web.ServletTestExecutionListener@43ca8ea3, org.springframework.test.context.support.DirtiesContextBeforeModesTestExecutionListener@465c5560, org.springframework.boot.test.autoconfigure.SpringBootDependencyInjectionTestExecutionListener@49c9f611, org.springframework.test.context.support.DirtiesContextTestExecutionListener@6bf5525, org.springframework.boot.test.mock.mockito.MockitoTestExecutionListener@11977cc7, org.springframework.boot.test.mock.mockito.ResetMocksTestExecutionListener@35c4ccc0, org.springframework.boot.test.autoconfigure.restdocs.RestDocsTestExecutionListener@333bcd17, org.springframework.boot.test.autoconfigure.web.servlet.MockMvcPrintOnlyOnFailureTestExecutionListener@4fd1b028, org.springframework.boot.test.autoconfigure.web.client.MockRestServiceServerResetTestExecutionListener@658a8c51, org.springframework.boot.test.autoconfigure.web.servlet.WebDriverTestExecutionListener@763beeec]
]]></system-out>
  <system-err><![CDATA[]]></system-err>
</testsuite>
