<?xml version="1.0" encoding="UTF-8"?>
<testsuite name="pact.consumer.PactJunitRuleMultipleInteractionsTest" tests="1" skipped="0" failures="0" errors="0" timestamp="2020-10-14T10:19:42" hostname="Com-18-1216-W10" time="1.025">
  <properties/>
  <testcase name="runTest" classname="pact.consumer.PactJunitRuleMultipleInteractionsTest" time="1.025"/>
  <system-out><![CDATA[17:19:40.048 [Test worker] DEBUG org.springframework.test.context.junit4.SpringJUnit4ClassRunner - SpringJUnit4ClassRunner constructor called with [class pact.consumer.PactJunitRuleMultipleInteractionsTest]
17:19:40.057 [Test worker] DEBUG org.springframework.test.context.BootstrapUtils - Instantiating CacheAwareContextLoaderDelegate from class [org.springframework.test.context.cache.DefaultCacheAwareContextLoaderDelegate]
17:19:40.063 [Test worker] DEBUG org.springframework.test.context.BootstrapUtils - Instantiating BootstrapContext using constructor [public org.springframework.test.context.support.DefaultBootstrapContext(java.lang.Class,org.springframework.test.context.CacheAwareContextLoaderDelegate)]
17:19:40.075 [Test worker] DEBUG org.springframework.test.context.BootstrapUtils - Instantiating TestContextBootstrapper for test class [pact.consumer.PactJunitRuleMultipleInteractionsTest] from class [org.springframework.boot.test.context.SpringBootTestContextBootstrapper]
17:19:40.093 [Test worker] INFO org.springframework.boot.test.context.SpringBootTestContextBootstrapper - Neither @ContextConfiguration nor @ContextHierarchy found for test class [pact.consumer.PactJunitRuleMultipleInteractionsTest], using SpringBootContextLoader
17:19:40.096 [Test worker] DEBUG org.springframework.test.context.support.AbstractContextLoader - Did not detect default resource location for test class [pact.consumer.PactJunitRuleMultipleInteractionsTest]: class path resource [pact/consumer/PactJunitRuleMultipleInteractionsTest-context.xml] does not exist
17:19:40.097 [Test worker] DEBUG org.springframework.test.context.support.AbstractContextLoader - Did not detect default resource location for test class [pact.consumer.PactJunitRuleMultipleInteractionsTest]: class path resource [pact/consumer/PactJunitRuleMultipleInteractionsTestContext.groovy] does not exist
17:19:40.097 [Test worker] INFO org.springframework.test.context.support.AbstractContextLoader - Could not detect default resource locations for test class [pact.consumer.PactJunitRuleMultipleInteractionsTest]: no resource found for suffixes {-context.xml, Context.groovy}.
17:19:40.098 [Test worker] INFO org.springframework.test.context.support.AnnotationConfigContextLoaderUtils - Could not detect default configuration classes for test class [pact.consumer.PactJunitRuleMultipleInteractionsTest]: PactJunitRuleMultipleInteractionsTest does not declare any static, non-private, non-final, nested classes annotated with @Configuration.
17:19:40.127 [Test worker] DEBUG org.springframework.test.context.support.ActiveProfilesUtils - Could not find an 'annotation declaring class' for annotation type [org.springframework.test.context.ActiveProfiles] and class [pact.consumer.PactJunitRuleMultipleInteractionsTest]
17:19:40.133 [Test worker] DEBUG org.springframework.core.env.StandardEnvironment - Adding PropertySource 'systemProperties' with lowest search precedence
17:19:40.135 [Test worker] DEBUG org.springframework.core.env.StandardEnvironment - Adding PropertySource 'systemEnvironment' with lowest search precedence
17:19:40.135 [Test worker] DEBUG org.springframework.core.env.StandardEnvironment - Initialized StandardEnvironment with PropertySources [MapPropertySource@533614105 {name='systemProperties', properties={java.runtime.name=Java(TM) SE Runtime Environment, sun.boot.library.path=C:\Program Files\Java\jdk1.8.0_251\jre\bin, java.vm.version=25.251-b08, java.vm.vendor=Oracle Corporation, java.vendor.url=http://java.oracle.com/, path.separator=;, java.vm.name=Java HotSpot(TM) 64-Bit Server VM, file.encoding.pkg=sun.io, user.script=, sun.java.launcher=SUN_STANDARD, user.country=US, sun.os.patch.level=, java.vm.specification.name=Java Virtual Machine Specification, user.dir=D:\Project\Pact\Template\Pact-JVM-Example\example-consumer, java.runtime.version=1.8.0_251-b08, java.awt.graphicsenv=sun.awt.Win32GraphicsEnvironment, java.endorsed.dirs=C:\Program Files\Java\jdk1.8.0_251\jre\lib\endorsed, os.arch=amd64, java.io.tmpdir=C:\Users\KHAI~1.PHA\AppData\Local\Temp\, line.separator=
, java.vm.specification.vendor=Oracle Corporation, user.variant=, os.name=Windows 10, sun.jnu.encoding=Cp1252, java.library.path=C:\Program Files\Java\jdk1.8.0_251\bin;C:\Windows\Sun\Java\bin;C:\Windows\system32;C:\Windows;C:\Program Files\AdoptOpenJDK\jdk-11.0.8.10-hotspot\bin;C:\Program Files (x86)\Common Files\Oracle\Java\javapath;C:\Windows\system32;C:\Windows;C:\Windows\System32\Wbem;C:\Windows\System32\WindowsPowerShell\v1.0\;C:\Windows\System32\OpenSSH\;D:\tools\apache-maven-3.6.3\bin;C:\Program Files\nodejs\;C:\Program Files\Java\jdk1.8.0_251;C:\Program Files\Git\cmd;C:\Users\khai.pham\AppData\Local\Programs\Python\Python39\Scripts\;C:\Users\khai.pham\AppData\Local\Programs\Python\Python39\;C:\Users\khai.pham\AppData\Local\Microsoft\WindowsApps;;C:\Users\khai.pham\AppData\Local\Programs\Microsoft VS Code\bin;C:\Users\khai.pham\AppData\Roaming\npm;., java.specification.name=Java Platform API Specification, java.class.version=52.0, org.gradle.native=false, sun.management.compiler=HotSpot 64-Bit Tiered Compilers, os.version=10.0, user.home=C:\Users\khai.pham, user.timezone=Asia/Bangkok, java.awt.printerjob=sun.awt.windows.WPrinterJob, file.encoding=windows-1252, java.specification.version=1.8, java.class.path=D:\Project\Pact\Template\Pact-JVM-Example\example-consumer\build\classes\java\test;D:\Project\Pact\Template\Pact-JVM-Example\example-consumer\build\resources\test;D:\Project\Pact\Template\Pact-JVM-Example\example-consumer\build\classes\java\main;D:\Project\Pact\Template\Pact-JVM-Example\example-consumer\build\resources\main;C:\Users\khai.pham\.gradle\caches\modules-2\files-2.1\org.springframework.boot\spring-boot-starter-thymeleaf\1.5.8.RELEASE\255b749537ca0fa48adeb0c15cf48734b9ffcf5e\spring-boot-starter-thymeleaf-1.5.8.RELEASE.jar;C:\Users\khai.pham\.gradle\caches\modules-2\files-2.1\org.springframework.boot\spring-boot-starter-web\1.5.8.RELEASE\7e0dc79e3b47be4539ad3c033639133ae6b7a17e\spring-boot-starter-web-1.5.8.RELEASE.jar;C:\Users\khai.pham\.gradle\caches\modules-2\files-2.1\org.springframework.boot\spring-boot-devtools\1.5.8.RELEASE\ea212262e3ae47e76fa176358fcf9ee2780b80da\spring-boot-devtools-1.5.8.RELEASE.jar;C:\Users\khai.pham\.gradle\caches\modules-2\files-2.1\org.springframework.boot\spring-boot-starter-test\1.5.8.RELEASE\20b767f594924b32950286f1236ab7d68ff861f9\spring-boot-starter-test-1.5.8.RELEASE.jar;C:\Users\khai.pham\.gradle\caches\modules-2\files-2.1\au.com.dius\pact-jvm-consumer-junit\4.0.3\fa57689055a6c53cf6bac15cd9717935a71c4e3d\pact-jvm-consumer-junit-4.0.3.jar;C:\Users\khai.pham\.gradle\caches\modules-2\files-2.1\junit\junit\4.12\2973d150c0dc1fefe998f834810d68f278ea58ec\junit-4.12.jar;C:\Users\khai.pham\.gradle\caches\modules-2\files-2.1\au.com.dius\pact-jvm-consumer-java8\4.0.3\543da609cb48ecd162802a9eb7bd050d2d65a0b5\pact-jvm-consumer-java8-4.0.3.jar;C:\Users\khai.pham\.gradle\caches\modules-2\files-2.1\org.springframework.boot\spring-boot-starter\1.5.8.RELEASE\18048efe1f06569022a53cc3fb2fe9c0162935a3\spring-boot-starter-1.5.8.RELEASE.jar;C:\Users\khai.pham\.gradle\caches\modules-2\files-2.1\org.springframework.boot\spring-boot-starter-tomcat\1.5.8.RELEASE\cf3b7eb7e192a60ab1dd09e4f8bce82710a5feb0\spring-boot-starter-tomcat-1.5.8.RELEASE.jar;C:\Users\khai.pham\.gradle\caches\modules-2\files-2.1\org.hibernate\hibernate-validator\5.3.5.Final\622a9bcef2eed6d41b5b8e0662c36212009e375\hibernate-validator-5.3.5.Final.jar;C:\Users\khai.pham\.gradle\caches\modules-2\files-2.1\au.com.dius\pact-jvm-consumer\4.0.3\9aa0cd8ea5da6eef83857c3518bea436d36d533\pact-jvm-consumer-4.0.3.jar;C:\Users\khai.pham\.gradle\caches\modules-2\files-2.1\au.com.dius\pact-jvm-core-matchers\4.0.3\47a76c738e7d08e1940559f2fd8311f1b4eb89ab\pact-jvm-core-matchers-4.0.3.jar;C:\Users\khai.pham\.gradle\caches\modules-2\files-2.1\au.com.dius\pact-jvm-core-model\4.0.3\f2eeeaa01710fa675dfaed4856aa17262743c6c8\pact-jvm-core-model-4.0.3.jar;C:\Users\khai.pham\.gradle\caches\modules-2\files-2.1\com.amazonaws\aws-java-sdk-s3\1.11.587\4ddd4ec2cf1aca6d8733054d2aeb3cc1d557e3bc\aws-java-sdk-s3-1.11.587.jar;C:\Users\khai.pham\.gradle\caches\modules-2\files-2.1\com.amazonaws\aws-java-sdk-kms\1.11.587\94b04548ab0f0ab8d80e3eb7b68e6b446e622b7a\aws-java-sdk-kms-1.11.587.jar;C:\Users\khai.pham\.gradle\caches\modules-2\files-2.1\com.amazonaws\aws-java-sdk-core\1.11.587\5b0fb47fe49fd2ae256decb0bbed1ec08caa6dc0\aws-java-sdk-core-1.11.587.jar;C:\Users\khai.pham\.gradle\caches\modules-2\files-2.1\com.amazonaws\jmespath-java\1.11.587\e1a54d50416dcb8bc02f9ccc88d646ec85f329c2\jmespath-java-1.11.587.jar;C:\Users\khai.pham\.gradle\caches\modules-2\files-2.1\com.fasterxml.jackson.core\jackson-databind\2.8.10\f7b83cb2bc4b88d53961e749e1ad32f49ef017b7\jackson-databind-2.8.10.jar;C:\Users\khai.pham\.gradle\caches\modules-2\files-2.1\org.springframework\spring-webmvc\4.3.12.RELEASE\986e5dcd4435e780f6be64f8185eaa51523cf851\spring-webmvc-4.3.12.RELEASE.jar;C:\Users\khai.pham\.gradle\caches\modules-2\files-2.1\org.springframework\spring-web\4.3.12.RELEASE\86c29588cca74d0fc848b194cb13fcdfd12bc990\spring-web-4.3.12.RELEASE.jar;C:\Users\khai.pham\.gradle\caches\modules-2\files-2.1\org.thymeleaf\thymeleaf-spring4\3.0.11.RELEASE\49f43c3b4db71fa72e93c837752e1702983146da\thymeleaf-spring4-3.0.11.RELEASE.jar;C:\Users\khai.pham\.gradle\caches\modules-2\files-2.1\nz.net.ultraq.thymeleaf\thymeleaf-layout-dialect\2.2.2\711c1bd7ef7dd74fb325e3abcf29132e655c20ed\thymeleaf-layout-dialect-2.2.2.jar;C:\Users\khai.pham\.gradle\caches\modules-2\files-2.1\org.springframework.boot\spring-boot-test-autoconfigure\1.5.8.RELEASE\a8f986cc4b6ecef1417fe50c20984f12f54d15cc\spring-boot-test-autoconfigure-1.5.8.RELEASE.jar;C:\Users\khai.pham\.gradle\caches\modules-2\files-2.1\org.springframework.boot\spring-boot-autoconfigure\1.5.8.RELEASE\e4f2efa4c319f4e3613d94fbccfdb5ccda6873e3\spring-boot-autoconfigure-1.5.8.RELEASE.jar;C:\Users\khai.pham\.gradle\caches\modules-2\files-2.1\org.springframework.boot\spring-boot-test\1.5.8.RELEASE\17dedee86d1a9e9bd409d715fd90650ca1049659\spring-boot-test-1.5.8.RELEASE.jar;C:\Users\khai.pham\.gradle\caches\modules-2\files-2.1\org.springframework.boot\spring-boot\1.5.8.RELEASE\748ebde51761e12627ad23d064024f342b18f9b4\spring-boot-1.5.8.RELEASE.jar;C:\Users\khai.pham\.gradle\caches\modules-2\files-2.1\com.jayway.jsonpath\json-path\2.2.0\22290d17944bd239fabf5ac69005a60a7ecbbbcb\json-path-2.2.0.jar;C:\Users\khai.pham\.gradle\caches\modules-2\files-2.1\org.assertj\assertj-core\2.6.0\b532c3fc4f66bcfee4989a3514f1cd56203a33ad\assertj-core-2.6.0.jar;C:\Users\khai.pham\.gradle\caches\modules-2\files-2.1\org.mockito\mockito-core\1.10.19\e8546f5bef4e061d8dd73895b4e8f40e3fe6effe\mockito-core-1.10.19.jar;C:\Users\khai.pham\.gradle\caches\modules-2\files-2.1\org.hamcrest\hamcrest-library\1.3\4785a3c21320980282f9f33d0d1264a69040538f\hamcrest-library-1.3.jar;C:\Users\khai.pham\.gradle\caches\modules-2\files-2.1\org.hamcrest\hamcrest-core\1.3\42a25dc3219429f0e5d060061f71acb49bf010a0\hamcrest-core-1.3.jar;C:\Users\khai.pham\.gradle\caches\modules-2\files-2.1\org.skyscreamer\jsonassert\1.4.0\9cdbb373a06f6513e51e8c545ee6a5e981463edb\jsonassert-1.4.0.jar;C:\Users\khai.pham\.gradle\caches\modules-2\files-2.1\org.springframework\spring-test\4.3.12.RELEASE\825a7ac1014528db722a6cc94cceaef2410cb314\spring-test-4.3.12.RELEASE.jar;C:\Users\khai.pham\.gradle\caches\modules-2\files-2.1\org.springframework\spring-context\4.3.12.RELEASE\5e6d26f36636f36b7efec1d6a0c5991284fbd95b\spring-context-4.3.12.RELEASE.jar;C:\Users\khai.pham\.gradle\caches\modules-2\files-2.1\org.springframework\spring-aop\4.3.12.RELEASE\b3fef085902993c2ef874c45c7bfd79296d5a5a4\spring-aop-4.3.12.RELEASE.jar;C:\Users\khai.pham\.gradle\caches\modules-2\files-2.1\org.springframework\spring-beans\4.3.12.RELEASE\547dd432d47d0f01d9ccbedc4b705f9f7c1240a\spring-beans-4.3.12.RELEASE.jar;C:\Users\khai.pham\.gradle\caches\modules-2\files-2.1\org.springframework\spring-expression\4.3.12.RELEASE\790f69f6ad7f9da8d4a92c603ad7244c398c8309\spring-expression-4.3.12.RELEASE.jar;C:\Users\khai.pham\.gradle\caches\modules-2\files-2.1\org.springframework\spring-core\4.3.12.RELEASE\4cebc69478c6d350dbd5af28e3db7d5694f416e3\spring-core-4.3.12.RELEASE.jar;C:\Users\khai.pham\.gradle\caches\modules-2\files-2.1\org.json\json\20140107\d1ffca6e2482b002702c6a576166fd685e3370e3\json-20140107.jar;C:\Users\khai.pham\.gradle\caches\modules-2\files-2.1\au.com.dius\pact-jvm-core-pact-broker\4.0.3\d7733131240747b6f8c624db2f7e28176629c715\pact-jvm-core-pact-broker-4.0.3.jar;C:\Users\khai.pham\.gradle\caches\modules-2\files-2.1\au.com.dius\pact-jvm-core-support\4.0.3\5a9717c53d2e2fb3ad400ff3baf7fdac75789f0b\pact-jvm-core-support-4.0.3.jar;C:\Users\khai.pham\.gradle\caches\modules-2\files-2.1\org.apache.commons\commons-lang3\3.4\5fe28b9518e58819180a43a850fbc0dd24b7c050\commons-lang3-3.4.jar;C:\Users\khai.pham\.gradle\caches\modules-2\files-2.1\com.google.guava\guava\18.0\cce0823396aa693798f8882e64213b1772032b09\guava-18.0.jar;C:\Users\khai.pham\.gradle\caches\modules-2\files-2.1\org.springframework.boot\spring-boot-starter-logging\1.5.8.RELEASE\ebc00a0e46753d90431fdcc5e3d6b9fd3bf1564a\spring-boot-starter-logging-1.5.8.RELEASE.jar;C:\Users\khai.pham\.gradle\caches\modules-2\files-2.1\org.yaml\snakeyaml\1.17\7a27ea250c5130b2922b86dea63cbb1cc10a660c\snakeyaml-1.17.jar;C:\Users\khai.pham\.gradle\caches\modules-2\files-2.1\org.apache.tomcat.embed\tomcat-embed-websocket\8.5.23\52f07abcae10dc7e1764304b0877def175c2c833\tomcat-embed-websocket-8.5.23.jar;C:\Users\khai.pham\.gradle\caches\modules-2\files-2.1\org.apache.tomcat.embed\tomcat-embed-core\8.5.23\79261793a47f507890ee08f749b9d81774e4f7f0\tomcat-embed-core-8.5.23.jar;C:\Users\khai.pham\.gradle\caches\modules-2\files-2.1\org.apache.tomcat.embed\tomcat-embed-el\8.5.23\98d979cde444dffa6d434c8377d0123b2dfa614c\tomcat-embed-el-8.5.23.jar;C:\Users\khai.pham\.gradle\caches\modules-2\files-2.1\javax.validation\validation-api\1.1.0.Final\8613ae82954779d518631e05daa73a6a954817d5\validation-api-1.1.0.Final.jar;C:\Users\khai.pham\.gradle\caches\modules-2\files-2.1\org.jboss.logging\jboss-logging\3.3.1.Final\c46217ab74b532568c0ed31dc599db3048bd1b67\jboss-logging-3.3.1.Final.jar;C:\Users\khai.pham\.gradle\caches\modules-2\files-2.1\com.fasterxml\classmate\1.3.4\3d5f48f10bbe4eb7bd862f10c0583be2e0053c6\classmate-1.3.4.jar;C:\Users\khai.pham\.gradle\caches\modules-2\files-2.1\com.fasterxml.jackson.core\jackson-annotations\2.8.0\45b426f7796b741035581a176744d91090e2e6fb\jackson-annotations-2.8.0.jar;C:\Users\khai.pham\.gradle\caches\modules-2\files-2.1\com.fasterxml.jackson.dataformat\jackson-dataformat-cbor\2.8.10\1c58cc9313ddf19f0900cd61ed044874278ce320\jackson-dataformat-cbor-2.8.10.jar;C:\Users\khai.pham\.gradle\caches\modules-2\files-2.1\com.fasterxml.jackson.core\jackson-core\2.8.10\eb21a035c66ad307e66ec8fce37f5d50fd62d039\jackson-core-2.8.10.jar;C:\Users\khai.pham\.gradle\caches\modules-2\files-2.1\nz.net.ultraq.thymeleaf\thymeleaf-expression-processor\1.1.3\e74d87b7d068fb9b9f52dc764c53409d7e732670\thymeleaf-expression-processor-1.1.3.jar;C:\Users\khai.pham\.gradle\caches\modules-2\files-2.1\org.thymeleaf\thymeleaf\3.0.11.RELEASE\628ebb91f520053d4120b7b18bf78ff295d57461\thymeleaf-3.0.11.RELEASE.jar;C:\Users\khai.pham\.gradle\caches\modules-2\files-2.1\io.ktor\ktor-server-netty\1.1.4\1e26619f7ab46fd18acea22a231dc2e315fac2b5\ktor-server-netty-1.1.4.jar;C:\Users\khai.pham\.gradle\caches\modules-2\files-2.1\io.ktor\ktor-network-tls\1.1.4\4bd66200b95a5e571a9eaba9bce26435cc63fbc5\ktor-network-tls-1.1.4.jar;C:\Users\khai.pham\.gradle\caches\modules-2\files-2.1\ch.qos.logback\logback-classic\1.1.11\ccedfbacef4a6515d2983e3f89ed753d5d4fb665\logback-classic-1.1.11.jar;C:\Users\khai.pham\.gradle\caches\modules-2\files-2.1\org.slf4j\jcl-over-slf4j\1.7.25\f8c32b13ff142a513eeb5b6330b1588dcb2c0461\jcl-over-slf4j-1.7.25.jar;C:\Users\khai.pham\.gradle\caches\modules-2\files-2.1\org.slf4j\jul-to-slf4j\1.7.25\af5364cd6679bfffb114f0dec8a157aaa283b76\jul-to-slf4j-1.7.25.jar;C:\Users\khai.pham\.gradle\caches\modules-2\files-2.1\org.slf4j\log4j-over-slf4j\1.7.25\a87bb47468f47ee7aabbd54f93e133d4215769c3\log4j-over-slf4j-1.7.25.jar;C:\Users\khai.pham\.gradle\caches\modules-2\files-2.1\io.ktor\ktor-server-host-common\1.1.4\bbab7e9150346f0a53a0f4d4382eaf92d77ffe6c\ktor-server-host-common-1.1.4.jar;C:\Users\khai.pham\.gradle\caches\modules-2\files-2.1\io.ktor\ktor-http-cio\1.1.4\6370c60d697f64075fd1a8e5c5d2b8600a9c5bd2\ktor-http-cio-1.1.4.jar;C:\Users\khai.pham\.gradle\caches\modules-2\files-2.1\io.ktor\ktor-network\1.1.4\221a3ebf3c6537a6b30e9ad34ccb061ea7d0939e\ktor-network-1.1.4.jar;C:\Users\khai.pham\.gradle\caches\modules-2\files-2.1\io.github.microutils\kotlin-logging\1.6.26\b5f4c8feb88b4b5f570e1131ea59b6ef54690557\kotlin-logging-1.6.26.jar;C:\Users\khai.pham\.gradle\caches\modules-2\files-2.1\io.ktor\ktor-server-core\1.1.4\e1ed3b61a65e50538ff931fc364ed383c99a0907\ktor-server-core-1.1.4.jar;C:\Users\khai.pham\.gradle\caches\modules-2\files-2.1\io.ktor\ktor-http-jvm\1.1.4\52c55b2f380da81d850035388956cfc5ea1f0617\ktor-http-jvm-1.1.4.jar;C:\Users\khai.pham\.gradle\caches\modules-2\files-2.1\io.ktor\ktor-utils-jvm\1.1.4\858cc6e1093e14a4ede92e13e75ac9a77b1c0f1a\ktor-utils-jvm-1.1.4.jar;C:\Users\khai.pham\.gradle\caches\modules-2\files-2.1\org.slf4j\slf4j-api\1.7.25\da76ca59f6a57ee3102f8f9bd9cee742973efa8a\slf4j-api-1.7.25.jar;C:\Users\khai.pham\.gradle\caches\modules-2\files-2.1\org.codehaus.groovy\groovy\2.4.12\a43be367110c491787219f1c128b5b5fc54f1e70\groovy-2.4.12.jar;C:\Users\khai.pham\.gradle\caches\modules-2\files-2.1\net.minidev\json-smart\2.2.1\5b9e5df7a62d1279b70dc882b041d249c4f0b002\json-smart-2.2.1.jar;C:\Users\khai.pham\.gradle\caches\modules-2\files-2.1\org.objenesis\objenesis\2.1\87c0ea803b69252868d09308b4618f766f135a96\objenesis-2.1.jar;C:\Users\khai.pham\.gradle\caches\modules-2\files-2.1\com.vaadin.external.google\android-json\0.0.20131108.vaadin1\fa26d351fe62a6a17f5cda1287c1c6110dec413f\android-json-0.0.20131108.vaadin1.jar;C:\Users\khai.pham\.gradle\caches\modules-2\files-2.1\com.googlecode.java-diff-utils\diffutils\1.3.0\7e060dd5b19431e6d198e91ff670644372f60fbd\diffutils-1.3.0.jar;C:\Users\khai.pham\.gradle\caches\modules-2\files-2.1\com.github.mifmif\generex\1.0.2\b378f873b4e8d7616c3d920e2132cb1c87679600\generex-1.0.2.jar;C:\Users\khai.pham\.gradle\caches\modules-2\files-2.1\dk.brics.automaton\automaton\1.11-8\6ebfa65eb431ff4b715a23be7a750cbc4cc96d0f\automaton-1.11-8.jar;C:\Users\khai.pham\.gradle\caches\modules-2\files-2.1\org.apache.httpcomponents\httpmime\4.5.3\889fd6d061bb63b99dd5c6aba35a555ae863de52\httpmime-4.5.3.jar;C:\Users\khai.pham\.gradle\caches\modules-2\files-2.1\org.apache.httpcomponents\fluent-hc\4.5.5\1af996e860dc8e246f4aca944f76f0513d41acc0\fluent-hc-4.5.5.jar;C:\Users\khai.pham\.gradle\caches\modules-2\files-2.1\org.apache.httpcomponents\httpclient\4.5.3\d1577ae15f01ef5438c5afc62162457c00a34713\httpclient-4.5.3.jar;C:\Users\khai.pham\.gradle\caches\modules-2\files-2.1\io.netty\netty-codec-http2\4.1.24.Final\c0c0d9d20402e4493083447052b59d5680e88b2e\netty-codec-http2-4.1.24.Final.jar;C:\Users\khai.pham\.gradle\caches\modules-2\files-2.1\io.netty\netty-handler\4.1.30.Final\ecc076332ed103411347f4806a44ee32d9d9cb5f\netty-handler-4.1.30.Final.jar;C:\Users\khai.pham\.gradle\caches\modules-2\files-2.1\org.apache.tomcat\tomcat-annotations-api\8.5.23\aaf17df9fe0240e9e9d5375d24d5f177174b73d9\tomcat-annotations-api-8.5.23.jar;C:\Users\khai.pham\.gradle\caches\modules-2\files-2.1\org.attoparser\attoparser\2.0.5.RELEASE\a93ad36df9560de3a5312c1d14f69d938099fa64\attoparser-2.0.5.RELEASE.jar;C:\Users\khai.pham\.gradle\caches\modules-2\files-2.1\org.unbescape\unbescape\1.1.6.RELEASE\7b90360afb2b860e09e8347112800d12c12b2a13\unbescape-1.1.6.RELEASE.jar;C:\Users\khai.pham\.gradle\caches\modules-2\files-2.1\net.minidev\accessors-smart\1.1\a527213f2fea112a04c9bdf0ec0264e34104cd08\accessors-smart-1.1.jar;C:\Users\khai.pham\.gradle\caches\modules-2\files-2.1\commons-logging\commons-logging\1.2\4bfc12adfe4842bf07b657f0369c4cb522955686\commons-logging-1.2.jar;C:\Users\khai.pham\.gradle\caches\modules-2\files-2.1\org.apache.httpcomponents\httpcore\4.4.8\70539e2a07865bab38b4153da1ce599cf081790a\httpcore-4.4.8.jar;C:\Users\khai.pham\.gradle\caches\modules-2\files-2.1\commons-codec\commons-codec\1.10\4b95f4897fa13f2cd904aee711aeafc0c5295cd8\commons-codec-1.10.jar;C:\Users\khai.pham\.gradle\caches\modules-2\files-2.1\io.netty\netty-codec-http\4.1.24.Final\8f20009953b2c7c3d860cef928007bc01aa58ac\netty-codec-http-4.1.24.Final.jar;C:\Users\khai.pham\.gradle\caches\modules-2\files-2.1\io.netty\netty-codec\4.1.30.Final\515c8f609aaca28a94f984d89a9667dd3359c1b1\netty-codec-4.1.30.Final.jar;C:\Users\khai.pham\.gradle\caches\modules-2\files-2.1\io.netty\netty-transport\4.1.30.Final\3d27bb432a3b125167ac161b26415ad29ec17f02\netty-transport-4.1.30.Final.jar;C:\Users\khai.pham\.gradle\caches\modules-2\files-2.1\io.netty\netty-buffer\4.1.30.Final\597adb653306470fb3ec1af3c0f3f30a37b1310a\netty-buffer-4.1.30.Final.jar;C:\Users\khai.pham\.gradle\caches\modules-2\files-2.1\com.github.zafarkhaja\java-semver\0.9.0\59a83ca73c72a5e25b3f0b1bb305230a11000329\java-semver-0.9.0.jar;C:\Users\khai.pham\.gradle\caches\modules-2\files-2.1\org.apache.commons\commons-collections4\4.1\a4cf4688fe1c7e3a63aa636cc96d013af537768e\commons-collections4-4.1.jar;C:\Users\khai.pham\.gradle\caches\modules-2\files-2.1\javax.mail\mail\1.5.0-b01\c128515e42609622ce3f7dc0b431026d80bdb688\mail-1.5.0-b01.jar;C:\Users\khai.pham\.gradle\caches\modules-2\files-2.1\org.jetbrains.kotlin\kotlin-reflect\1.3.50\b499f22fd7c3e9c2e5b6c4005221fa47fc7f9a7a\kotlin-reflect-1.3.50.jar;C:\Users\khai.pham\.gradle\caches\modules-2\files-2.1\com.github.salomonbrys.kotson\kotson\2.5.0\40daf22108aa4436d46257e14cc48447cca542c3\kotson-2.5.0.jar;C:\Users\khai.pham\.gradle\caches\modules-2\files-2.1\com.google.code.gson\gson\2.8.2\3edcfe49d2c6053a70a2a47e4e1c2f94998a49cf\gson-2.8.2.jar;C:\Users\khai.pham\.gradle\caches\modules-2\files-2.1\xerces\xercesImpl\2.12.0\f02c844149fd306601f20e0b34853a670bef7fa2\xercesImpl-2.12.0.jar;C:\Users\khai.pham\.gradle\caches\modules-2\files-2.1\org.atteo\evo-inflector\1.2.2\2551aad98d65ac5464d81fe05f0e1516cfe471c9\evo-inflector-1.2.2.jar;C:\Users\khai.pham\.gradle\caches\modules-2\files-2.1\org.jetbrains.kotlinx\kotlinx-coroutines-io-jvm\0.1.8\591b0489ce565c32d4874610ef64c948e6a5c627\kotlinx-coroutines-io-jvm-0.1.8.jar;C:\Users\khai.pham\.gradle\caches\modules-2\files-2.1\org.jetbrains.kotlinx\kotlinx-io-jvm\0.1.8\595d4772d0600272bac6a2dcec2646b037285863\kotlinx-io-jvm-0.1.8.jar;C:\Users\khai.pham\.gradle\caches\modules-2\files-2.1\org.jetbrains.kotlinx\kotlinx-coroutines-jdk8\1.2.0\80e0ae6fac48a78bfad45ae3e23117df82f8aaf8\kotlinx-coroutines-jdk8-1.2.0.jar;C:\Users\khai.pham\.gradle\caches\modules-2\files-2.1\org.jetbrains.kotlinx\kotlinx-coroutines-core\1.2.0\934716ae1a5a09db4420e63679d097a523b24e43\kotlinx-coroutines-core-1.2.0.jar;C:\Users\khai.pham\.gradle\caches\modules-2\files-2.1\org.jetbrains.kotlinx\atomicfu\0.12.3\16896c746f44e8862b26cd139027580e65d36343\atomicfu-0.12.3.jar;C:\Users\khai.pham\.gradle\caches\modules-2\files-2.1\org.jetbrains.kotlin\kotlin-stdlib-jdk8\1.3.50\bf65725d4ae2cf00010d84e945fcbc201f590e11\kotlin-stdlib-jdk8-1.3.50.jar;C:\Users\khai.pham\.gradle\caches\modules-2\files-2.1\org.jetbrains.kotlin\kotlin-stdlib-jdk7\1.3.50\50ad05ea1c2595fb31b800e76db464d08d599af3\kotlin-stdlib-jdk7-1.3.50.jar;C:\Users\khai.pham\.gradle\caches\modules-2\files-2.1\org.jetbrains.kotlin\kotlin-stdlib\1.3.50\b529d1738c7e98bbfa36a4134039528f2ce78ebf\kotlin-stdlib-1.3.50.jar;C:\Users\khai.pham\.gradle\caches\modules-2\files-2.1\com.typesafe\config\1.3.1\2cf7a6cc79732e3bdf1647d7404279900ca63eb0\config-1.3.1.jar;C:\Users\khai.pham\.gradle\caches\modules-2\files-2.1\org.eclipse.jetty.alpn\alpn-api\1.1.3.v20160715\a1bf3a937f91b4c953acd13e8c9552347adc2198\alpn-api-1.1.3.v20160715.jar;C:\Users\khai.pham\.gradle\caches\modules-2\files-2.1\ch.qos.logback\logback-core\1.1.11\88b8df40340eed549fb07e2613879bf6b006704d\logback-core-1.1.11.jar;C:\Users\khai.pham\.gradle\caches\modules-2\files-2.1\org.ow2.asm\asm\5.0.3\dcc2193db20e19e1feca8b1240dbbc4e190824fa\asm-5.0.3.jar;C:\Users\khai.pham\.gradle\caches\modules-2\files-2.1\io.netty\netty-resolver\4.1.30.Final\5106fd687066ffd712e5295d32af4e2ac6482613\netty-resolver-4.1.30.Final.jar;C:\Users\khai.pham\.gradle\caches\modules-2\files-2.1\io.netty\netty-common\4.1.30.Final\5dca0c34d8f38af51a2398614e81888f51cf811a\netty-common-4.1.30.Final.jar;C:\Users\khai.pham\.gradle\caches\modules-2\files-2.1\javax.activation\activation\1.1\e6cb541461c2834bdea3eb920f1884d1eb508b50\activation-1.1.jar;C:\Users\khai.pham\.gradle\caches\modules-2\files-2.1\org.antlr\antlr4\4.7.2\93058c41a6cbb7f5ca63edac837f42c002dbc556\antlr4-4.7.2.jar;C:\Users\khai.pham\.gradle\caches\modules-2\files-2.1\com.google.code.findbugs\jsr305\3.0.2\25ea2e8b0c338a877313bd4672d3fe056ea78f0d\jsr305-3.0.2.jar;C:\Users\khai.pham\.gradle\caches\modules-2\files-2.1\org.dmfs\rfc3986-uri\0.8\8f5a5de5e891f200d552725dea13767b7d2b6e7\rfc3986-uri-0.8.jar;C:\Users\khai.pham\.gradle\caches\modules-2\files-2.1\xml-apis\xml-apis\1.4.01\3789d9fada2d3d458c4ba2de349d48780f381ee3\xml-apis-1.4.01.jar;C:\Users\khai.pham\.gradle\caches\modules-2\files-2.1\org.jetbrains.kotlinx\kotlinx-coroutines-io\0.1.8\ab4c5ab04fe13e78ab0d55d71909b22b6f52f658\kotlinx-coroutines-io-0.1.8.jar;C:\Users\khai.pham\.gradle\caches\modules-2\files-2.1\org.jetbrains.kotlinx\kotlinx-io\0.1.8\59bcca58d0dae17790c96a775664267ff8492356\kotlinx-io-0.1.8.jar;C:\Users\khai.pham\.gradle\caches\modules-2\files-2.1\org.jetbrains.kotlinx\kotlinx-coroutines-core-common\1.2.0\ecfffae5e39ddda7c27c34b801617ec458b0e6f0\kotlinx-coroutines-core-common-1.2.0.jar;C:\Users\khai.pham\.gradle\caches\modules-2\files-2.1\org.jetbrains.kotlin\kotlin-stdlib-common\1.3.50\3d9cd3e1bc7b92e95f43d45be3bfbcf38e36ab87\kotlin-stdlib-common-1.3.50.jar;C:\Users\khai.pham\.gradle\caches\modules-2\files-2.1\org.jetbrains.kotlinx\atomicfu-common\0.12.3\b09ed1e1b1a0996e0a3b6c454797d44788a21747\atomicfu-common-0.12.3.jar;C:\Users\khai.pham\.gradle\caches\modules-2\files-2.1\org.jetbrains\annotations\13.0\919f0dfe192fb4e063e7dacadee7f8bb9a2672a9\annotations-13.0.jar;C:\Users\khai.pham\.gradle\caches\modules-2\files-2.1\org.antlr\antlr4-runtime\4.7.2\e27d8ab4f984f9d186f54da984a6ab1cccac755e\antlr4-runtime-4.7.2.jar;C:\Users\khai.pham\.gradle\caches\modules-2\files-2.1\org.antlr\ST4\4.1\467d508be07a542ad0a68ffcaed2d561c5fb2e0c\ST4-4.1.jar;C:\Users\khai.pham\.gradle\caches\modules-2\files-2.1\org.antlr\antlr-runtime\3.5.2\cd9cd41361c155f3af0f653009dcecb08d8b4afd\antlr-runtime-3.5.2.jar;C:\Users\khai.pham\.gradle\caches\modules-2\files-2.1\org.abego.treelayout\org.abego.treelayout.core\1.0.3\457216e8e6578099ae63667bb1e4439235892028\org.abego.treelayout.core-1.0.3.jar;C:\Users\khai.pham\.gradle\caches\modules-2\files-2.1\org.glassfish\javax.json\1.0.4\3178f73569fd7a1e5ffc464e680f7a8cc784b85a\javax.json-1.0.4.jar;C:\Users\khai.pham\.gradle\caches\modules-2\files-2.1\com.ibm.icu\icu4j\61.1\28d33b5e44e72edcc66a5da7a34a42147f38d987\icu4j-61.1.jar;C:\Users\khai.pham\.gradle\caches\modules-2\files-2.1\io.github.microutils\kotlin-logging-common\1.6.26\1bb044eb7bf7ad26c7b0295a05b52f6a88b6ab13\kotlin-logging-common-1.6.26.jar;C:\Users\khai.pham\.gradle\caches\modules-2\files-2.1\org.dmfs\optional\0.3\7cf99cb2b755e43190eb473e591b17b181adf078\optional-0.3.jar;C:\Users\khai.pham\.gradle\caches\modules-2\files-2.1\org.dmfs\iterators\1.5\2ca5beb926d1d4ab2874bbbeede1b0f161002887\iterators-1.5.jar;C:\Users\khai.pham\.gradle\caches\modules-2\files-2.1\software.amazon.ion\ion-java\1.0.2\ee9dacea7726e495f8352b81c12c23834ffbc564\ion-java-1.0.2.jar;C:\Users\khai.pham\.gradle\caches\modules-2\files-2.1\joda-time\joda-time\2.9.9\f7b520c458572890807d143670c9b24f4de90897\joda-time-2.9.9.jar, user.name=khai.pham, java.vm.specification.version=1.8, sun.java.command=worker.org.gradle.process.internal.worker.GradleWorkerMain 'Gradle Test Executor 6', java.home=C:\Program Files\Java\jdk1.8.0_251\jre, sun.arch.data.model=64, user.language=en, pact.rootDir=D:\Project\Pact\Template\Pact-JVM-Example/Pacts, java.specification.vendor=Oracle Corporation, awt.toolkit=sun.awt.windows.WToolkit, java.vm.info=mixed mode, java.version=1.8.0_251, java.ext.dirs=C:\Program Files\Java\jdk1.8.0_251\jre\lib\ext;C:\Windows\Sun\Java\lib\ext, sun.boot.class.path=C:\Program Files\Java\jdk1.8.0_251\jre\lib\resources.jar;C:\Program Files\Java\jdk1.8.0_251\jre\lib\rt.jar;C:\Program Files\Java\jdk1.8.0_251\jre\lib\sunrsasign.jar;C:\Program Files\Java\jdk1.8.0_251\jre\lib\jsse.jar;C:\Program Files\Java\jdk1.8.0_251\jre\lib\jce.jar;C:\Program Files\Java\jdk1.8.0_251\jre\lib\charsets.jar;C:\Program Files\Java\jdk1.8.0_251\jre\lib\jfr.jar;C:\Program Files\Java\jdk1.8.0_251\jre\classes, java.vendor=Oracle Corporation, org.gradle.test.worker=6, file.separator=\, java.vendor.url.bug=http://bugreport.sun.com/bugreport/, sun.io.unicode.encoding=UnicodeLittle, sun.cpu.endian=little, sun.desktop=windows, sun.cpu.isalist=amd64}}, SystemEnvironmentPropertySource@383485978 {name='systemEnvironment', properties={USERDOMAIN_ROAMINGPROFILE=STI2K, PROCESSOR_LEVEL=6, SESSIONNAME=Console, ALLUSERSPROFILE=C:\ProgramData, PROCESSOR_ARCHITECTURE=AMD64, VSCODE_GIT_IPC_HANDLE=\\.\pipe\vscode-git-351b36b324-sock, PSModulePath=C:\Users\khai.pham\Documents\WindowsPowerShell\Modules;C:\Program Files\WindowsPowerShell\Modules;C:\Windows\system32\WindowsPowerShell\v1.0\Modules, SystemDrive=C:, COLORTERM=truecolor, DIRNAME=D:\Project\Pact\Template\Pact-JVM-Example\, USERNAME=khai.pham, USERDNSDOMAIN=LOGIGEAR.COM, VSCODE_GIT_ASKPASS_NODE=C:\Users\khai.pham\AppData\Local\Programs\Microsoft VS Code\Code.exe, TERM_PROGRAM_VERSION=1.50.0, CMD_LINE_ARGS=:example-consumer:clean test, GIT_ASKPASS=c:\Users\khai.pham\AppData\Local\Programs\Microsoft VS Code\resources\app\extensions\git\dist\askpass.sh, ProgramFiles(x86)=C:\Program Files (x86), CHROME_CRASHPAD_PIPE_NAME=\\.\pipe\crashpad_7920_RWEQEQBBZQRZASWK, APP_HOME=D:\Project\Pact\Template\Pact-JVM-Example\, PATHEXT=.COM;.EXE;.BAT;.CMD;.VBS;.VBE;.JS;.JSE;.WSF;.WSH;.MSC;.CPL, DriverData=C:\Windows\System32\Drivers\DriverData, ORIGINAL_XDG_CURRENT_DESKTOP=undefined, ProgramData=C:\ProgramData, ProgramW6432=C:\Program Files, HOMEPATH=\Users\khai.pham, PROCESSOR_IDENTIFIER=Intel64 Family 6 Model 158 Stepping 9, GenuineIntel, ProgramFiles=C:\Program Files, PUBLIC=C:\Users\Public, windir=C:\Windows, _SKIP=2, LOCALAPPDATA=C:\Users\khai.pham\AppData\Local, USERDOMAIN=STI2K, LOGONSERVER=\\SMTP5, JAVA_HOME=C:\Program Files\Java\jdk1.8.0_251, PROMPT=$P$G, LANG=en_US.UTF-8, VSCODE_GIT_ASKPASS_MAIN=c:\Users\khai.pham\AppData\Local\Programs\Microsoft VS Code\resources\app\extensions\git\dist\askpass-main.js, OneDrive=C:\Users\khai.pham\OneDrive, APPDATA=C:\Users\khai.pham\AppData\Roaming, JAVA_EXE=C:\Program Files\Java\jdk1.8.0_251/bin/java.exe, CommonProgramFiles=C:\Program Files\Common Files, Path=C:\Program Files\AdoptOpenJDK\jdk-11.0.8.10-hotspot\bin;C:\Program Files (x86)\Common Files\Oracle\Java\javapath;C:\Windows\system32;C:\Windows;C:\Windows\System32\Wbem;C:\Windows\System32\WindowsPowerShell\v1.0\;C:\Windows\System32\OpenSSH\;D:\tools\apache-maven-3.6.3\bin;C:\Program Files\nodejs\;C:\Program Files\Java\jdk1.8.0_251;C:\Program Files\Git\cmd;C:\Users\khai.pham\AppData\Local\Programs\Python\Python39\Scripts\;C:\Users\khai.pham\AppData\Local\Programs\Python\Python39\;C:\Users\khai.pham\AppData\Local\Microsoft\WindowsApps;;C:\Users\khai.pham\AppData\Local\Programs\Microsoft VS Code\bin;C:\Users\khai.pham\AppData\Roaming\npm, OS=Windows_NT, TERM_PROGRAM=vscode, COMPUTERNAME=COM-18-1216-W10, PROCESSOR_REVISION=9e09, CLASSPATH=D:\Project\Pact\Template\Pact-JVM-Example\\gradle\wrapper\gradle-wrapper.jar, CommonProgramW6432=C:\Program Files\Common Files, ComSpec=C:\Windows\system32\cmd.exe, APP_BASE_NAME=gradlew, =D:=D:\Project\Pact\Template\Pact-JVM-Example, SystemRoot=C:\Windows, TEMP=C:\Users\KHAI~1.PHA\AppData\Local\Temp, HOMEDRIVE=C:, USERPROFILE=C:\Users\khai.pham, TMP=C:\Users\KHAI~1.PHA\AppData\Local\Temp, CommonProgramFiles(x86)=C:\Program Files (x86)\Common Files, NUMBER_OF_PROCESSORS=4}}]
17:19:40.148 [Test worker] DEBUG org.springframework.core.io.support.PathMatchingResourcePatternResolver - Resolved classpath location [pact/consumer/] to resources [URL [file:/D:/Project/Pact/Template/Pact-JVM-Example/example-consumer/build/classes/java/test/pact/consumer/], URL [file:/D:/Project/Pact/Template/Pact-JVM-Example/example-consumer/build/classes/java/main/pact/consumer/]]
17:19:40.148 [Test worker] DEBUG org.springframework.core.io.support.PathMatchingResourcePatternResolver - Looking for matching resources in directory tree [D:\Project\Pact\Template\Pact-JVM-Example\example-consumer\build\classes\java\test\pact\consumer]
17:19:40.148 [Test worker] DEBUG org.springframework.core.io.support.PathMatchingResourcePatternResolver - Searching directory [D:\Project\Pact\Template\Pact-JVM-Example\example-consumer\build\classes\java\test\pact\consumer] for files matching pattern [D:/Project/Pact/Template/Pact-JVM-Example/example-consumer/build/classes/java/test/pact/consumer/*.class]
17:19:40.151 [Test worker] DEBUG org.springframework.core.io.support.PathMatchingResourcePatternResolver - Looking for matching resources in directory tree [D:\Project\Pact\Template\Pact-JVM-Example\example-consumer\build\classes\java\main\pact\consumer]
17:19:40.151 [Test worker] DEBUG org.springframework.core.io.support.PathMatchingResourcePatternResolver - Searching directory [D:\Project\Pact\Template\Pact-JVM-Example\example-consumer\build\classes\java\main\pact\consumer] for files matching pattern [D:/Project/Pact/Template/Pact-JVM-Example/example-consumer/build/classes/java/main/pact/consumer/*.class]
17:19:40.151 [Test worker] DEBUG org.springframework.core.io.support.PathMatchingResourcePatternResolver - Resolved location pattern [classpath*:pact/consumer/*.class] to resources [file [D:\Project\Pact\Template\Pact-JVM-Example\example-consumer\build\classes\java\test\pact\consumer\PactJunitRuleMultipleInteractionsTest.class], file [D:\Project\Pact\Template\Pact-JVM-Example\example-consumer\build\classes\java\test\pact\consumer\PactJunitRuleTest.class], file [D:\Project\Pact\Template\Pact-JVM-Example\example-consumer\build\classes\java\main\pact\consumer\Application.class], file [D:\Project\Pact\Template\Pact-JVM-Example\example-consumer\build\classes\java\main\pact\consumer\Information.class], file [D:\Project\Pact\Template\Pact-JVM-Example\example-consumer\build\classes\java\main\pact\consumer\InformationController.class], file [D:\Project\Pact\Template\Pact-JVM-Example\example-consumer\build\classes\java\main\pact\consumer\ProviderService.class]]
17:19:40.188 [Test worker] DEBUG org.springframework.context.annotation.ClassPathScanningCandidateComponentProvider - Identified candidate component class: file [D:\Project\Pact\Template\Pact-JVM-Example\example-consumer\build\classes\java\main\pact\consumer\Application.class]
17:19:40.193 [Test worker] INFO org.springframework.boot.test.context.SpringBootTestContextBootstrapper - Found @SpringBootConfiguration pact.consumer.Application for test class pact.consumer.PactJunitRuleMultipleInteractionsTest
17:19:40.197 [Test worker] DEBUG org.springframework.boot.test.context.SpringBootTestContextBootstrapper - @TestExecutionListeners is not present for class [pact.consumer.PactJunitRuleMultipleInteractionsTest]: using defaults.
17:19:40.200 [Test worker] INFO org.springframework.boot.test.context.SpringBootTestContextBootstrapper - Loaded default TestExecutionListener class names from location [META-INF/spring.factories]: [org.springframework.boot.test.autoconfigure.restdocs.RestDocsTestExecutionListener, org.springframework.boot.test.autoconfigure.web.client.MockRestServiceServerResetTestExecutionListener, org.springframework.boot.test.autoconfigure.web.servlet.MockMvcPrintOnlyOnFailureTestExecutionListener, org.springframework.boot.test.autoconfigure.web.servlet.WebDriverTestExecutionListener, org.springframework.boot.test.mock.mockito.MockitoTestExecutionListener, org.springframework.boot.test.mock.mockito.ResetMocksTestExecutionListener, org.springframework.test.context.web.ServletTestExecutionListener, org.springframework.test.context.support.DirtiesContextBeforeModesTestExecutionListener, org.springframework.test.context.support.DependencyInjectionTestExecutionListener, org.springframework.test.context.support.DirtiesContextTestExecutionListener, org.springframework.test.context.transaction.TransactionalTestExecutionListener, org.springframework.test.context.jdbc.SqlScriptsTestExecutionListener]
17:19:40.208 [Test worker] INFO org.springframework.boot.test.context.SpringBootTestContextBootstrapper - Could not instantiate TestExecutionListener [org.springframework.test.context.jdbc.SqlScriptsTestExecutionListener]. Specify custom listener classes or make the default listener classes (and their required dependencies) available. Offending class: [org/springframework/transaction/interceptor/TransactionAttribute]
17:19:40.210 [Test worker] INFO org.springframework.boot.test.context.SpringBootTestContextBootstrapper - Could not instantiate TestExecutionListener [org.springframework.test.context.transaction.TransactionalTestExecutionListener]. Specify custom listener classes or make the default listener classes (and their required dependencies) available. Offending class: [org/springframework/transaction/interceptor/TransactionAttributeSource]
17:19:40.210 [Test worker] INFO org.springframework.boot.test.context.SpringBootTestContextBootstrapper - Using TestExecutionListeners: [org.springframework.test.context.web.ServletTestExecutionListener@78963dd2, org.springframework.test.context.support.DirtiesContextBeforeModesTestExecutionListener@74203474, org.springframework.boot.test.autoconfigure.SpringBootDependencyInjectionTestExecutionListener@454cbe22, org.springframework.test.context.support.DirtiesContextTestExecutionListener@77caf55a, org.springframework.boot.test.mock.mockito.MockitoTestExecutionListener@3efb3edc, org.springframework.boot.test.mock.mockito.ResetMocksTestExecutionListener@4b8d3ee3, org.springframework.boot.test.autoconfigure.restdocs.RestDocsTestExecutionListener@6b90241e, org.springframework.boot.test.autoconfigure.web.servlet.MockMvcPrintOnlyOnFailureTestExecutionListener@4b507c13, org.springframework.boot.test.autoconfigure.web.client.MockRestServiceServerResetTestExecutionListener@2c3aa67b, org.springframework.boot.test.autoconfigure.web.servlet.WebDriverTestExecutionListener@e62ff39]
17:19:40.212 [Test worker] DEBUG org.springframework.test.annotation.ProfileValueUtils - Retrieved @ProfileValueSourceConfiguration [null] for test class [pact.consumer.PactJunitRuleMultipleInteractionsTest]
17:19:40.213 [Test worker] DEBUG org.springframework.test.annotation.ProfileValueUtils - Retrieved ProfileValueSource type [class org.springframework.test.annotation.SystemProfileValueSource] for class [pact.consumer.PactJunitRuleMultipleInteractionsTest]
17:19:40.213 [Test worker] DEBUG org.springframework.test.annotation.ProfileValueUtils - Retrieved @ProfileValueSourceConfiguration [null] for test class [pact.consumer.PactJunitRuleMultipleInteractionsTest]
17:19:40.213 [Test worker] DEBUG org.springframework.test.annotation.ProfileValueUtils - Retrieved ProfileValueSource type [class org.springframework.test.annotation.SystemProfileValueSource] for class [pact.consumer.PactJunitRuleMultipleInteractionsTest]
17:19:40.216 [Test worker] DEBUG org.springframework.test.context.support.AbstractDirtiesContextTestExecutionListener - Before test class: context [DefaultTestContext@186aeeae testClass = PactJunitRuleMultipleInteractionsTest, testInstance = [null], testMethod = [null], testException = [null], mergedContextConfiguration = [WebMergedContextConfiguration@3159fe68 testClass = PactJunitRuleMultipleInteractionsTest, locations = '{}', classes = '{class pact.consumer.Application}', contextInitializerClasses = '[]', activeProfiles = '{}', propertySourceLocations = '{}', propertySourceProperties = '{org.springframework.boot.test.context.SpringBootTestContextBootstrapper=true}', contextCustomizers = set[org.springframework.boot.test.autoconfigure.properties.PropertyMappingContextCustomizer@0, org.springframework.boot.test.autoconfigure.web.servlet.WebDriverContextCustomizerFactory$Customizer@41c6ebe5, org.springframework.boot.test.context.SpringBootTestContextCustomizer@3437b22c, org.springframework.boot.test.context.filter.ExcludeFilterContextCustomizer@3ca985bb, org.springframework.boot.test.json.DuplicateJsonObjectContextCustomizerFactory$DuplicateJsonObjectContextCustomizer@4ae01a2b, org.springframework.boot.test.mock.mockito.MockitoContextCustomizer@0], resourceBasePath = 'src/main/webapp', contextLoader = 'org.springframework.boot.test.context.SpringBootContextLoader', parent = [null]]], class annotated with @DirtiesContext [false] with mode [null].
17:19:40.216 [Test worker] DEBUG org.springframework.test.annotation.ProfileValueUtils - Retrieved @ProfileValueSourceConfiguration [null] for test class [pact.consumer.PactJunitRuleMultipleInteractionsTest]
17:19:40.217 [Test worker] DEBUG org.springframework.test.annotation.ProfileValueUtils - Retrieved ProfileValueSource type [class org.springframework.test.annotation.SystemProfileValueSource] for class [pact.consumer.PactJunitRuleMultipleInteractionsTest]
17:19:40.269 [Test worker] DEBUG org.springframework.core.env.StandardEnvironment - Adding PropertySource 'systemProperties' with lowest search precedence
17:19:40.269 [Test worker] DEBUG org.springframework.core.env.StandardEnvironment - Adding PropertySource 'systemEnvironment' with lowest search precedence
17:19:40.270 [Test worker] DEBUG org.springframework.core.env.StandardEnvironment - Initialized StandardEnvironment with PropertySources [MapPropertySource@1678784464 {name='systemProperties', properties={java.runtime.name=Java(TM) SE Runtime Environment, sun.boot.library.path=C:\Program Files\Java\jdk1.8.0_251\jre\bin, java.vm.version=25.251-b08, java.vm.vendor=Oracle Corporation, java.vendor.url=http://java.oracle.com/, path.separator=;, java.vm.name=Java HotSpot(TM) 64-Bit Server VM, file.encoding.pkg=sun.io, user.script=, sun.java.launcher=SUN_STANDARD, user.country=US, sun.os.patch.level=, java.vm.specification.name=Java Virtual Machine Specification, user.dir=D:\Project\Pact\Template\Pact-JVM-Example\example-consumer, java.runtime.version=1.8.0_251-b08, java.awt.graphicsenv=sun.awt.Win32GraphicsEnvironment, java.endorsed.dirs=C:\Program Files\Java\jdk1.8.0_251\jre\lib\endorsed, os.arch=amd64, java.io.tmpdir=C:\Users\KHAI~1.PHA\AppData\Local\Temp\, line.separator=
, java.vm.specification.vendor=Oracle Corporation, user.variant=, os.name=Windows 10, sun.jnu.encoding=Cp1252, java.library.path=C:\Program Files\Java\jdk1.8.0_251\bin;C:\Windows\Sun\Java\bin;C:\Windows\system32;C:\Windows;C:\Program Files\AdoptOpenJDK\jdk-11.0.8.10-hotspot\bin;C:\Program Files (x86)\Common Files\Oracle\Java\javapath;C:\Windows\system32;C:\Windows;C:\Windows\System32\Wbem;C:\Windows\System32\WindowsPowerShell\v1.0\;C:\Windows\System32\OpenSSH\;D:\tools\apache-maven-3.6.3\bin;C:\Program Files\nodejs\;C:\Program Files\Java\jdk1.8.0_251;C:\Program Files\Git\cmd;C:\Users\khai.pham\AppData\Local\Programs\Python\Python39\Scripts\;C:\Users\khai.pham\AppData\Local\Programs\Python\Python39\;C:\Users\khai.pham\AppData\Local\Microsoft\WindowsApps;;C:\Users\khai.pham\AppData\Local\Programs\Microsoft VS Code\bin;C:\Users\khai.pham\AppData\Roaming\npm;., java.specification.name=Java Platform API Specification, java.class.version=52.0, org.gradle.native=false, sun.management.compiler=HotSpot 64-Bit Tiered Compilers, os.version=10.0, user.home=C:\Users\khai.pham, user.timezone=Asia/Bangkok, java.awt.printerjob=sun.awt.windows.WPrinterJob, file.encoding=windows-1252, java.specification.version=1.8, java.class.path=D:\Project\Pact\Template\Pact-JVM-Example\example-consumer\build\classes\java\test;D:\Project\Pact\Template\Pact-JVM-Example\example-consumer\build\resources\test;D:\Project\Pact\Template\Pact-JVM-Example\example-consumer\build\classes\java\main;D:\Project\Pact\Template\Pact-JVM-Example\example-consumer\build\resources\main;C:\Users\khai.pham\.gradle\caches\modules-2\files-2.1\org.springframework.boot\spring-boot-starter-thymeleaf\1.5.8.RELEASE\255b749537ca0fa48adeb0c15cf48734b9ffcf5e\spring-boot-starter-thymeleaf-1.5.8.RELEASE.jar;C:\Users\khai.pham\.gradle\caches\modules-2\files-2.1\org.springframework.boot\spring-boot-starter-web\1.5.8.RELEASE\7e0dc79e3b47be4539ad3c033639133ae6b7a17e\spring-boot-starter-web-1.5.8.RELEASE.jar;C:\Users\khai.pham\.gradle\caches\modules-2\files-2.1\org.springframework.boot\spring-boot-devtools\1.5.8.RELEASE\ea212262e3ae47e76fa176358fcf9ee2780b80da\spring-boot-devtools-1.5.8.RELEASE.jar;C:\Users\khai.pham\.gradle\caches\modules-2\files-2.1\org.springframework.boot\spring-boot-starter-test\1.5.8.RELEASE\20b767f594924b32950286f1236ab7d68ff861f9\spring-boot-starter-test-1.5.8.RELEASE.jar;C:\Users\khai.pham\.gradle\caches\modules-2\files-2.1\au.com.dius\pact-jvm-consumer-junit\4.0.3\fa57689055a6c53cf6bac15cd9717935a71c4e3d\pact-jvm-consumer-junit-4.0.3.jar;C:\Users\khai.pham\.gradle\caches\modules-2\files-2.1\junit\junit\4.12\2973d150c0dc1fefe998f834810d68f278ea58ec\junit-4.12.jar;C:\Users\khai.pham\.gradle\caches\modules-2\files-2.1\au.com.dius\pact-jvm-consumer-java8\4.0.3\543da609cb48ecd162802a9eb7bd050d2d65a0b5\pact-jvm-consumer-java8-4.0.3.jar;C:\Users\khai.pham\.gradle\caches\modules-2\files-2.1\org.springframework.boot\spring-boot-starter\1.5.8.RELEASE\18048efe1f06569022a53cc3fb2fe9c0162935a3\spring-boot-starter-1.5.8.RELEASE.jar;C:\Users\khai.pham\.gradle\caches\modules-2\files-2.1\org.springframework.boot\spring-boot-starter-tomcat\1.5.8.RELEASE\cf3b7eb7e192a60ab1dd09e4f8bce82710a5feb0\spring-boot-starter-tomcat-1.5.8.RELEASE.jar;C:\Users\khai.pham\.gradle\caches\modules-2\files-2.1\org.hibernate\hibernate-validator\5.3.5.Final\622a9bcef2eed6d41b5b8e0662c36212009e375\hibernate-validator-5.3.5.Final.jar;C:\Users\khai.pham\.gradle\caches\modules-2\files-2.1\au.com.dius\pact-jvm-consumer\4.0.3\9aa0cd8ea5da6eef83857c3518bea436d36d533\pact-jvm-consumer-4.0.3.jar;C:\Users\khai.pham\.gradle\caches\modules-2\files-2.1\au.com.dius\pact-jvm-core-matchers\4.0.3\47a76c738e7d08e1940559f2fd8311f1b4eb89ab\pact-jvm-core-matchers-4.0.3.jar;C:\Users\khai.pham\.gradle\caches\modules-2\files-2.1\au.com.dius\pact-jvm-core-model\4.0.3\f2eeeaa01710fa675dfaed4856aa17262743c6c8\pact-jvm-core-model-4.0.3.jar;C:\Users\khai.pham\.gradle\caches\modules-2\files-2.1\com.amazonaws\aws-java-sdk-s3\1.11.587\4ddd4ec2cf1aca6d8733054d2aeb3cc1d557e3bc\aws-java-sdk-s3-1.11.587.jar;C:\Users\khai.pham\.gradle\caches\modules-2\files-2.1\com.amazonaws\aws-java-sdk-kms\1.11.587\94b04548ab0f0ab8d80e3eb7b68e6b446e622b7a\aws-java-sdk-kms-1.11.587.jar;C:\Users\khai.pham\.gradle\caches\modules-2\files-2.1\com.amazonaws\aws-java-sdk-core\1.11.587\5b0fb47fe49fd2ae256decb0bbed1ec08caa6dc0\aws-java-sdk-core-1.11.587.jar;C:\Users\khai.pham\.gradle\caches\modules-2\files-2.1\com.amazonaws\jmespath-java\1.11.587\e1a54d50416dcb8bc02f9ccc88d646ec85f329c2\jmespath-java-1.11.587.jar;C:\Users\khai.pham\.gradle\caches\modules-2\files-2.1\com.fasterxml.jackson.core\jackson-databind\2.8.10\f7b83cb2bc4b88d53961e749e1ad32f49ef017b7\jackson-databind-2.8.10.jar;C:\Users\khai.pham\.gradle\caches\modules-2\files-2.1\org.springframework\spring-webmvc\4.3.12.RELEASE\986e5dcd4435e780f6be64f8185eaa51523cf851\spring-webmvc-4.3.12.RELEASE.jar;C:\Users\khai.pham\.gradle\caches\modules-2\files-2.1\org.springframework\spring-web\4.3.12.RELEASE\86c29588cca74d0fc848b194cb13fcdfd12bc990\spring-web-4.3.12.RELEASE.jar;C:\Users\khai.pham\.gradle\caches\modules-2\files-2.1\org.thymeleaf\thymeleaf-spring4\3.0.11.RELEASE\49f43c3b4db71fa72e93c837752e1702983146da\thymeleaf-spring4-3.0.11.RELEASE.jar;C:\Users\khai.pham\.gradle\caches\modules-2\files-2.1\nz.net.ultraq.thymeleaf\thymeleaf-layout-dialect\2.2.2\711c1bd7ef7dd74fb325e3abcf29132e655c20ed\thymeleaf-layout-dialect-2.2.2.jar;C:\Users\khai.pham\.gradle\caches\modules-2\files-2.1\org.springframework.boot\spring-boot-test-autoconfigure\1.5.8.RELEASE\a8f986cc4b6ecef1417fe50c20984f12f54d15cc\spring-boot-test-autoconfigure-1.5.8.RELEASE.jar;C:\Users\khai.pham\.gradle\caches\modules-2\files-2.1\org.springframework.boot\spring-boot-autoconfigure\1.5.8.RELEASE\e4f2efa4c319f4e3613d94fbccfdb5ccda6873e3\spring-boot-autoconfigure-1.5.8.RELEASE.jar;C:\Users\khai.pham\.gradle\caches\modules-2\files-2.1\org.springframework.boot\spring-boot-test\1.5.8.RELEASE\17dedee86d1a9e9bd409d715fd90650ca1049659\spring-boot-test-1.5.8.RELEASE.jar;C:\Users\khai.pham\.gradle\caches\modules-2\files-2.1\org.springframework.boot\spring-boot\1.5.8.RELEASE\748ebde51761e12627ad23d064024f342b18f9b4\spring-boot-1.5.8.RELEASE.jar;C:\Users\khai.pham\.gradle\caches\modules-2\files-2.1\com.jayway.jsonpath\json-path\2.2.0\22290d17944bd239fabf5ac69005a60a7ecbbbcb\json-path-2.2.0.jar;C:\Users\khai.pham\.gradle\caches\modules-2\files-2.1\org.assertj\assertj-core\2.6.0\b532c3fc4f66bcfee4989a3514f1cd56203a33ad\assertj-core-2.6.0.jar;C:\Users\khai.pham\.gradle\caches\modules-2\files-2.1\org.mockito\mockito-core\1.10.19\e8546f5bef4e061d8dd73895b4e8f40e3fe6effe\mockito-core-1.10.19.jar;C:\Users\khai.pham\.gradle\caches\modules-2\files-2.1\org.hamcrest\hamcrest-library\1.3\4785a3c21320980282f9f33d0d1264a69040538f\hamcrest-library-1.3.jar;C:\Users\khai.pham\.gradle\caches\modules-2\files-2.1\org.hamcrest\hamcrest-core\1.3\42a25dc3219429f0e5d060061f71acb49bf010a0\hamcrest-core-1.3.jar;C:\Users\khai.pham\.gradle\caches\modules-2\files-2.1\org.skyscreamer\jsonassert\1.4.0\9cdbb373a06f6513e51e8c545ee6a5e981463edb\jsonassert-1.4.0.jar;C:\Users\khai.pham\.gradle\caches\modules-2\files-2.1\org.springframework\spring-test\4.3.12.RELEASE\825a7ac1014528db722a6cc94cceaef2410cb314\spring-test-4.3.12.RELEASE.jar;C:\Users\khai.pham\.gradle\caches\modules-2\files-2.1\org.springframework\spring-context\4.3.12.RELEASE\5e6d26f36636f36b7efec1d6a0c5991284fbd95b\spring-context-4.3.12.RELEASE.jar;C:\Users\khai.pham\.gradle\caches\modules-2\files-2.1\org.springframework\spring-aop\4.3.12.RELEASE\b3fef085902993c2ef874c45c7bfd79296d5a5a4\spring-aop-4.3.12.RELEASE.jar;C:\Users\khai.pham\.gradle\caches\modules-2\files-2.1\org.springframework\spring-beans\4.3.12.RELEASE\547dd432d47d0f01d9ccbedc4b705f9f7c1240a\spring-beans-4.3.12.RELEASE.jar;C:\Users\khai.pham\.gradle\caches\modules-2\files-2.1\org.springframework\spring-expression\4.3.12.RELEASE\790f69f6ad7f9da8d4a92c603ad7244c398c8309\spring-expression-4.3.12.RELEASE.jar;C:\Users\khai.pham\.gradle\caches\modules-2\files-2.1\org.springframework\spring-core\4.3.12.RELEASE\4cebc69478c6d350dbd5af28e3db7d5694f416e3\spring-core-4.3.12.RELEASE.jar;C:\Users\khai.pham\.gradle\caches\modules-2\files-2.1\org.json\json\20140107\d1ffca6e2482b002702c6a576166fd685e3370e3\json-20140107.jar;C:\Users\khai.pham\.gradle\caches\modules-2\files-2.1\au.com.dius\pact-jvm-core-pact-broker\4.0.3\d7733131240747b6f8c624db2f7e28176629c715\pact-jvm-core-pact-broker-4.0.3.jar;C:\Users\khai.pham\.gradle\caches\modules-2\files-2.1\au.com.dius\pact-jvm-core-support\4.0.3\5a9717c53d2e2fb3ad400ff3baf7fdac75789f0b\pact-jvm-core-support-4.0.3.jar;C:\Users\khai.pham\.gradle\caches\modules-2\files-2.1\org.apache.commons\commons-lang3\3.4\5fe28b9518e58819180a43a850fbc0dd24b7c050\commons-lang3-3.4.jar;C:\Users\khai.pham\.gradle\caches\modules-2\files-2.1\com.google.guava\guava\18.0\cce0823396aa693798f8882e64213b1772032b09\guava-18.0.jar;C:\Users\khai.pham\.gradle\caches\modules-2\files-2.1\org.springframework.boot\spring-boot-starter-logging\1.5.8.RELEASE\ebc00a0e46753d90431fdcc5e3d6b9fd3bf1564a\spring-boot-starter-logging-1.5.8.RELEASE.jar;C:\Users\khai.pham\.gradle\caches\modules-2\files-2.1\org.yaml\snakeyaml\1.17\7a27ea250c5130b2922b86dea63cbb1cc10a660c\snakeyaml-1.17.jar;C:\Users\khai.pham\.gradle\caches\modules-2\files-2.1\org.apache.tomcat.embed\tomcat-embed-websocket\8.5.23\52f07abcae10dc7e1764304b0877def175c2c833\tomcat-embed-websocket-8.5.23.jar;C:\Users\khai.pham\.gradle\caches\modules-2\files-2.1\org.apache.tomcat.embed\tomcat-embed-core\8.5.23\79261793a47f507890ee08f749b9d81774e4f7f0\tomcat-embed-core-8.5.23.jar;C:\Users\khai.pham\.gradle\caches\modules-2\files-2.1\org.apache.tomcat.embed\tomcat-embed-el\8.5.23\98d979cde444dffa6d434c8377d0123b2dfa614c\tomcat-embed-el-8.5.23.jar;C:\Users\khai.pham\.gradle\caches\modules-2\files-2.1\javax.validation\validation-api\1.1.0.Final\8613ae82954779d518631e05daa73a6a954817d5\validation-api-1.1.0.Final.jar;C:\Users\khai.pham\.gradle\caches\modules-2\files-2.1\org.jboss.logging\jboss-logging\3.3.1.Final\c46217ab74b532568c0ed31dc599db3048bd1b67\jboss-logging-3.3.1.Final.jar;C:\Users\khai.pham\.gradle\caches\modules-2\files-2.1\com.fasterxml\classmate\1.3.4\3d5f48f10bbe4eb7bd862f10c0583be2e0053c6\classmate-1.3.4.jar;C:\Users\khai.pham\.gradle\caches\modules-2\files-2.1\com.fasterxml.jackson.core\jackson-annotations\2.8.0\45b426f7796b741035581a176744d91090e2e6fb\jackson-annotations-2.8.0.jar;C:\Users\khai.pham\.gradle\caches\modules-2\files-2.1\com.fasterxml.jackson.dataformat\jackson-dataformat-cbor\2.8.10\1c58cc9313ddf19f0900cd61ed044874278ce320\jackson-dataformat-cbor-2.8.10.jar;C:\Users\khai.pham\.gradle\caches\modules-2\files-2.1\com.fasterxml.jackson.core\jackson-core\2.8.10\eb21a035c66ad307e66ec8fce37f5d50fd62d039\jackson-core-2.8.10.jar;C:\Users\khai.pham\.gradle\caches\modules-2\files-2.1\nz.net.ultraq.thymeleaf\thymeleaf-expression-processor\1.1.3\e74d87b7d068fb9b9f52dc764c53409d7e732670\thymeleaf-expression-processor-1.1.3.jar;C:\Users\khai.pham\.gradle\caches\modules-2\files-2.1\org.thymeleaf\thymeleaf\3.0.11.RELEASE\628ebb91f520053d4120b7b18bf78ff295d57461\thymeleaf-3.0.11.RELEASE.jar;C:\Users\khai.pham\.gradle\caches\modules-2\files-2.1\io.ktor\ktor-server-netty\1.1.4\1e26619f7ab46fd18acea22a231dc2e315fac2b5\ktor-server-netty-1.1.4.jar;C:\Users\khai.pham\.gradle\caches\modules-2\files-2.1\io.ktor\ktor-network-tls\1.1.4\4bd66200b95a5e571a9eaba9bce26435cc63fbc5\ktor-network-tls-1.1.4.jar;C:\Users\khai.pham\.gradle\caches\modules-2\files-2.1\ch.qos.logback\logback-classic\1.1.11\ccedfbacef4a6515d2983e3f89ed753d5d4fb665\logback-classic-1.1.11.jar;C:\Users\khai.pham\.gradle\caches\modules-2\files-2.1\org.slf4j\jcl-over-slf4j\1.7.25\f8c32b13ff142a513eeb5b6330b1588dcb2c0461\jcl-over-slf4j-1.7.25.jar;C:\Users\khai.pham\.gradle\caches\modules-2\files-2.1\org.slf4j\jul-to-slf4j\1.7.25\af5364cd6679bfffb114f0dec8a157aaa283b76\jul-to-slf4j-1.7.25.jar;C:\Users\khai.pham\.gradle\caches\modules-2\files-2.1\org.slf4j\log4j-over-slf4j\1.7.25\a87bb47468f47ee7aabbd54f93e133d4215769c3\log4j-over-slf4j-1.7.25.jar;C:\Users\khai.pham\.gradle\caches\modules-2\files-2.1\io.ktor\ktor-server-host-common\1.1.4\bbab7e9150346f0a53a0f4d4382eaf92d77ffe6c\ktor-server-host-common-1.1.4.jar;C:\Users\khai.pham\.gradle\caches\modules-2\files-2.1\io.ktor\ktor-http-cio\1.1.4\6370c60d697f64075fd1a8e5c5d2b8600a9c5bd2\ktor-http-cio-1.1.4.jar;C:\Users\khai.pham\.gradle\caches\modules-2\files-2.1\io.ktor\ktor-network\1.1.4\221a3ebf3c6537a6b30e9ad34ccb061ea7d0939e\ktor-network-1.1.4.jar;C:\Users\khai.pham\.gradle\caches\modules-2\files-2.1\io.github.microutils\kotlin-logging\1.6.26\b5f4c8feb88b4b5f570e1131ea59b6ef54690557\kotlin-logging-1.6.26.jar;C:\Users\khai.pham\.gradle\caches\modules-2\files-2.1\io.ktor\ktor-server-core\1.1.4\e1ed3b61a65e50538ff931fc364ed383c99a0907\ktor-server-core-1.1.4.jar;C:\Users\khai.pham\.gradle\caches\modules-2\files-2.1\io.ktor\ktor-http-jvm\1.1.4\52c55b2f380da81d850035388956cfc5ea1f0617\ktor-http-jvm-1.1.4.jar;C:\Users\khai.pham\.gradle\caches\modules-2\files-2.1\io.ktor\ktor-utils-jvm\1.1.4\858cc6e1093e14a4ede92e13e75ac9a77b1c0f1a\ktor-utils-jvm-1.1.4.jar;C:\Users\khai.pham\.gradle\caches\modules-2\files-2.1\org.slf4j\slf4j-api\1.7.25\da76ca59f6a57ee3102f8f9bd9cee742973efa8a\slf4j-api-1.7.25.jar;C:\Users\khai.pham\.gradle\caches\modules-2\files-2.1\org.codehaus.groovy\groovy\2.4.12\a43be367110c491787219f1c128b5b5fc54f1e70\groovy-2.4.12.jar;C:\Users\khai.pham\.gradle\caches\modules-2\files-2.1\net.minidev\json-smart\2.2.1\5b9e5df7a62d1279b70dc882b041d249c4f0b002\json-smart-2.2.1.jar;C:\Users\khai.pham\.gradle\caches\modules-2\files-2.1\org.objenesis\objenesis\2.1\87c0ea803b69252868d09308b4618f766f135a96\objenesis-2.1.jar;C:\Users\khai.pham\.gradle\caches\modules-2\files-2.1\com.vaadin.external.google\android-json\0.0.20131108.vaadin1\fa26d351fe62a6a17f5cda1287c1c6110dec413f\android-json-0.0.20131108.vaadin1.jar;C:\Users\khai.pham\.gradle\caches\modules-2\files-2.1\com.googlecode.java-diff-utils\diffutils\1.3.0\7e060dd5b19431e6d198e91ff670644372f60fbd\diffutils-1.3.0.jar;C:\Users\khai.pham\.gradle\caches\modules-2\files-2.1\com.github.mifmif\generex\1.0.2\b378f873b4e8d7616c3d920e2132cb1c87679600\generex-1.0.2.jar;C:\Users\khai.pham\.gradle\caches\modules-2\files-2.1\dk.brics.automaton\automaton\1.11-8\6ebfa65eb431ff4b715a23be7a750cbc4cc96d0f\automaton-1.11-8.jar;C:\Users\khai.pham\.gradle\caches\modules-2\files-2.1\org.apache.httpcomponents\httpmime\4.5.3\889fd6d061bb63b99dd5c6aba35a555ae863de52\httpmime-4.5.3.jar;C:\Users\khai.pham\.gradle\caches\modules-2\files-2.1\org.apache.httpcomponents\fluent-hc\4.5.5\1af996e860dc8e246f4aca944f76f0513d41acc0\fluent-hc-4.5.5.jar;C:\Users\khai.pham\.gradle\caches\modules-2\files-2.1\org.apache.httpcomponents\httpclient\4.5.3\d1577ae15f01ef5438c5afc62162457c00a34713\httpclient-4.5.3.jar;C:\Users\khai.pham\.gradle\caches\modules-2\files-2.1\io.netty\netty-codec-http2\4.1.24.Final\c0c0d9d20402e4493083447052b59d5680e88b2e\netty-codec-http2-4.1.24.Final.jar;C:\Users\khai.pham\.gradle\caches\modules-2\files-2.1\io.netty\netty-handler\4.1.30.Final\ecc076332ed103411347f4806a44ee32d9d9cb5f\netty-handler-4.1.30.Final.jar;C:\Users\khai.pham\.gradle\caches\modules-2\files-2.1\org.apache.tomcat\tomcat-annotations-api\8.5.23\aaf17df9fe0240e9e9d5375d24d5f177174b73d9\tomcat-annotations-api-8.5.23.jar;C:\Users\khai.pham\.gradle\caches\modules-2\files-2.1\org.attoparser\attoparser\2.0.5.RELEASE\a93ad36df9560de3a5312c1d14f69d938099fa64\attoparser-2.0.5.RELEASE.jar;C:\Users\khai.pham\.gradle\caches\modules-2\files-2.1\org.unbescape\unbescape\1.1.6.RELEASE\7b90360afb2b860e09e8347112800d12c12b2a13\unbescape-1.1.6.RELEASE.jar;C:\Users\khai.pham\.gradle\caches\modules-2\files-2.1\net.minidev\accessors-smart\1.1\a527213f2fea112a04c9bdf0ec0264e34104cd08\accessors-smart-1.1.jar;C:\Users\khai.pham\.gradle\caches\modules-2\files-2.1\commons-logging\commons-logging\1.2\4bfc12adfe4842bf07b657f0369c4cb522955686\commons-logging-1.2.jar;C:\Users\khai.pham\.gradle\caches\modules-2\files-2.1\org.apache.httpcomponents\httpcore\4.4.8\70539e2a07865bab38b4153da1ce599cf081790a\httpcore-4.4.8.jar;C:\Users\khai.pham\.gradle\caches\modules-2\files-2.1\commons-codec\commons-codec\1.10\4b95f4897fa13f2cd904aee711aeafc0c5295cd8\commons-codec-1.10.jar;C:\Users\khai.pham\.gradle\caches\modules-2\files-2.1\io.netty\netty-codec-http\4.1.24.Final\8f20009953b2c7c3d860cef928007bc01aa58ac\netty-codec-http-4.1.24.Final.jar;C:\Users\khai.pham\.gradle\caches\modules-2\files-2.1\io.netty\netty-codec\4.1.30.Final\515c8f609aaca28a94f984d89a9667dd3359c1b1\netty-codec-4.1.30.Final.jar;C:\Users\khai.pham\.gradle\caches\modules-2\files-2.1\io.netty\netty-transport\4.1.30.Final\3d27bb432a3b125167ac161b26415ad29ec17f02\netty-transport-4.1.30.Final.jar;C:\Users\khai.pham\.gradle\caches\modules-2\files-2.1\io.netty\netty-buffer\4.1.30.Final\597adb653306470fb3ec1af3c0f3f30a37b1310a\netty-buffer-4.1.30.Final.jar;C:\Users\khai.pham\.gradle\caches\modules-2\files-2.1\com.github.zafarkhaja\java-semver\0.9.0\59a83ca73c72a5e25b3f0b1bb305230a11000329\java-semver-0.9.0.jar;C:\Users\khai.pham\.gradle\caches\modules-2\files-2.1\org.apache.commons\commons-collections4\4.1\a4cf4688fe1c7e3a63aa636cc96d013af537768e\commons-collections4-4.1.jar;C:\Users\khai.pham\.gradle\caches\modules-2\files-2.1\javax.mail\mail\1.5.0-b01\c128515e42609622ce3f7dc0b431026d80bdb688\mail-1.5.0-b01.jar;C:\Users\khai.pham\.gradle\caches\modules-2\files-2.1\org.jetbrains.kotlin\kotlin-reflect\1.3.50\b499f22fd7c3e9c2e5b6c4005221fa47fc7f9a7a\kotlin-reflect-1.3.50.jar;C:\Users\khai.pham\.gradle\caches\modules-2\files-2.1\com.github.salomonbrys.kotson\kotson\2.5.0\40daf22108aa4436d46257e14cc48447cca542c3\kotson-2.5.0.jar;C:\Users\khai.pham\.gradle\caches\modules-2\files-2.1\com.google.code.gson\gson\2.8.2\3edcfe49d2c6053a70a2a47e4e1c2f94998a49cf\gson-2.8.2.jar;C:\Users\khai.pham\.gradle\caches\modules-2\files-2.1\xerces\xercesImpl\2.12.0\f02c844149fd306601f20e0b34853a670bef7fa2\xercesImpl-2.12.0.jar;C:\Users\khai.pham\.gradle\caches\modules-2\files-2.1\org.atteo\evo-inflector\1.2.2\2551aad98d65ac5464d81fe05f0e1516cfe471c9\evo-inflector-1.2.2.jar;C:\Users\khai.pham\.gradle\caches\modules-2\files-2.1\org.jetbrains.kotlinx\kotlinx-coroutines-io-jvm\0.1.8\591b0489ce565c32d4874610ef64c948e6a5c627\kotlinx-coroutines-io-jvm-0.1.8.jar;C:\Users\khai.pham\.gradle\caches\modules-2\files-2.1\org.jetbrains.kotlinx\kotlinx-io-jvm\0.1.8\595d4772d0600272bac6a2dcec2646b037285863\kotlinx-io-jvm-0.1.8.jar;C:\Users\khai.pham\.gradle\caches\modules-2\files-2.1\org.jetbrains.kotlinx\kotlinx-coroutines-jdk8\1.2.0\80e0ae6fac48a78bfad45ae3e23117df82f8aaf8\kotlinx-coroutines-jdk8-1.2.0.jar;C:\Users\khai.pham\.gradle\caches\modules-2\files-2.1\org.jetbrains.kotlinx\kotlinx-coroutines-core\1.2.0\934716ae1a5a09db4420e63679d097a523b24e43\kotlinx-coroutines-core-1.2.0.jar;C:\Users\khai.pham\.gradle\caches\modules-2\files-2.1\org.jetbrains.kotlinx\atomicfu\0.12.3\16896c746f44e8862b26cd139027580e65d36343\atomicfu-0.12.3.jar;C:\Users\khai.pham\.gradle\caches\modules-2\files-2.1\org.jetbrains.kotlin\kotlin-stdlib-jdk8\1.3.50\bf65725d4ae2cf00010d84e945fcbc201f590e11\kotlin-stdlib-jdk8-1.3.50.jar;C:\Users\khai.pham\.gradle\caches\modules-2\files-2.1\org.jetbrains.kotlin\kotlin-stdlib-jdk7\1.3.50\50ad05ea1c2595fb31b800e76db464d08d599af3\kotlin-stdlib-jdk7-1.3.50.jar;C:\Users\khai.pham\.gradle\caches\modules-2\files-2.1\org.jetbrains.kotlin\kotlin-stdlib\1.3.50\b529d1738c7e98bbfa36a4134039528f2ce78ebf\kotlin-stdlib-1.3.50.jar;C:\Users\khai.pham\.gradle\caches\modules-2\files-2.1\com.typesafe\config\1.3.1\2cf7a6cc79732e3bdf1647d7404279900ca63eb0\config-1.3.1.jar;C:\Users\khai.pham\.gradle\caches\modules-2\files-2.1\org.eclipse.jetty.alpn\alpn-api\1.1.3.v20160715\a1bf3a937f91b4c953acd13e8c9552347adc2198\alpn-api-1.1.3.v20160715.jar;C:\Users\khai.pham\.gradle\caches\modules-2\files-2.1\ch.qos.logback\logback-core\1.1.11\88b8df40340eed549fb07e2613879bf6b006704d\logback-core-1.1.11.jar;C:\Users\khai.pham\.gradle\caches\modules-2\files-2.1\org.ow2.asm\asm\5.0.3\dcc2193db20e19e1feca8b1240dbbc4e190824fa\asm-5.0.3.jar;C:\Users\khai.pham\.gradle\caches\modules-2\files-2.1\io.netty\netty-resolver\4.1.30.Final\5106fd687066ffd712e5295d32af4e2ac6482613\netty-resolver-4.1.30.Final.jar;C:\Users\khai.pham\.gradle\caches\modules-2\files-2.1\io.netty\netty-common\4.1.30.Final\5dca0c34d8f38af51a2398614e81888f51cf811a\netty-common-4.1.30.Final.jar;C:\Users\khai.pham\.gradle\caches\modules-2\files-2.1\javax.activation\activation\1.1\e6cb541461c2834bdea3eb920f1884d1eb508b50\activation-1.1.jar;C:\Users\khai.pham\.gradle\caches\modules-2\files-2.1\org.antlr\antlr4\4.7.2\93058c41a6cbb7f5ca63edac837f42c002dbc556\antlr4-4.7.2.jar;C:\Users\khai.pham\.gradle\caches\modules-2\files-2.1\com.google.code.findbugs\jsr305\3.0.2\25ea2e8b0c338a877313bd4672d3fe056ea78f0d\jsr305-3.0.2.jar;C:\Users\khai.pham\.gradle\caches\modules-2\files-2.1\org.dmfs\rfc3986-uri\0.8\8f5a5de5e891f200d552725dea13767b7d2b6e7\rfc3986-uri-0.8.jar;C:\Users\khai.pham\.gradle\caches\modules-2\files-2.1\xml-apis\xml-apis\1.4.01\3789d9fada2d3d458c4ba2de349d48780f381ee3\xml-apis-1.4.01.jar;C:\Users\khai.pham\.gradle\caches\modules-2\files-2.1\org.jetbrains.kotlinx\kotlinx-coroutines-io\0.1.8\ab4c5ab04fe13e78ab0d55d71909b22b6f52f658\kotlinx-coroutines-io-0.1.8.jar;C:\Users\khai.pham\.gradle\caches\modules-2\files-2.1\org.jetbrains.kotlinx\kotlinx-io\0.1.8\59bcca58d0dae17790c96a775664267ff8492356\kotlinx-io-0.1.8.jar;C:\Users\khai.pham\.gradle\caches\modules-2\files-2.1\org.jetbrains.kotlinx\kotlinx-coroutines-core-common\1.2.0\ecfffae5e39ddda7c27c34b801617ec458b0e6f0\kotlinx-coroutines-core-common-1.2.0.jar;C:\Users\khai.pham\.gradle\caches\modules-2\files-2.1\org.jetbrains.kotlin\kotlin-stdlib-common\1.3.50\3d9cd3e1bc7b92e95f43d45be3bfbcf38e36ab87\kotlin-stdlib-common-1.3.50.jar;C:\Users\khai.pham\.gradle\caches\modules-2\files-2.1\org.jetbrains.kotlinx\atomicfu-common\0.12.3\b09ed1e1b1a0996e0a3b6c454797d44788a21747\atomicfu-common-0.12.3.jar;C:\Users\khai.pham\.gradle\caches\modules-2\files-2.1\org.jetbrains\annotations\13.0\919f0dfe192fb4e063e7dacadee7f8bb9a2672a9\annotations-13.0.jar;C:\Users\khai.pham\.gradle\caches\modules-2\files-2.1\org.antlr\antlr4-runtime\4.7.2\e27d8ab4f984f9d186f54da984a6ab1cccac755e\antlr4-runtime-4.7.2.jar;C:\Users\khai.pham\.gradle\caches\modules-2\files-2.1\org.antlr\ST4\4.1\467d508be07a542ad0a68ffcaed2d561c5fb2e0c\ST4-4.1.jar;C:\Users\khai.pham\.gradle\caches\modules-2\files-2.1\org.antlr\antlr-runtime\3.5.2\cd9cd41361c155f3af0f653009dcecb08d8b4afd\antlr-runtime-3.5.2.jar;C:\Users\khai.pham\.gradle\caches\modules-2\files-2.1\org.abego.treelayout\org.abego.treelayout.core\1.0.3\457216e8e6578099ae63667bb1e4439235892028\org.abego.treelayout.core-1.0.3.jar;C:\Users\khai.pham\.gradle\caches\modules-2\files-2.1\org.glassfish\javax.json\1.0.4\3178f73569fd7a1e5ffc464e680f7a8cc784b85a\javax.json-1.0.4.jar;C:\Users\khai.pham\.gradle\caches\modules-2\files-2.1\com.ibm.icu\icu4j\61.1\28d33b5e44e72edcc66a5da7a34a42147f38d987\icu4j-61.1.jar;C:\Users\khai.pham\.gradle\caches\modules-2\files-2.1\io.github.microutils\kotlin-logging-common\1.6.26\1bb044eb7bf7ad26c7b0295a05b52f6a88b6ab13\kotlin-logging-common-1.6.26.jar;C:\Users\khai.pham\.gradle\caches\modules-2\files-2.1\org.dmfs\optional\0.3\7cf99cb2b755e43190eb473e591b17b181adf078\optional-0.3.jar;C:\Users\khai.pham\.gradle\caches\modules-2\files-2.1\org.dmfs\iterators\1.5\2ca5beb926d1d4ab2874bbbeede1b0f161002887\iterators-1.5.jar;C:\Users\khai.pham\.gradle\caches\modules-2\files-2.1\software.amazon.ion\ion-java\1.0.2\ee9dacea7726e495f8352b81c12c23834ffbc564\ion-java-1.0.2.jar;C:\Users\khai.pham\.gradle\caches\modules-2\files-2.1\joda-time\joda-time\2.9.9\f7b520c458572890807d143670c9b24f4de90897\joda-time-2.9.9.jar, user.name=khai.pham, java.vm.specification.version=1.8, sun.java.command=worker.org.gradle.process.internal.worker.GradleWorkerMain 'Gradle Test Executor 6', java.home=C:\Program Files\Java\jdk1.8.0_251\jre, sun.arch.data.model=64, user.language=en, pact.rootDir=D:\Project\Pact\Template\Pact-JVM-Example/Pacts, java.specification.vendor=Oracle Corporation, awt.toolkit=sun.awt.windows.WToolkit, java.vm.info=mixed mode, java.version=1.8.0_251, java.ext.dirs=C:\Program Files\Java\jdk1.8.0_251\jre\lib\ext;C:\Windows\Sun\Java\lib\ext, sun.boot.class.path=C:\Program Files\Java\jdk1.8.0_251\jre\lib\resources.jar;C:\Program Files\Java\jdk1.8.0_251\jre\lib\rt.jar;C:\Program Files\Java\jdk1.8.0_251\jre\lib\sunrsasign.jar;C:\Program Files\Java\jdk1.8.0_251\jre\lib\jsse.jar;C:\Program Files\Java\jdk1.8.0_251\jre\lib\jce.jar;C:\Program Files\Java\jdk1.8.0_251\jre\lib\charsets.jar;C:\Program Files\Java\jdk1.8.0_251\jre\lib\jfr.jar;C:\Program Files\Java\jdk1.8.0_251\jre\classes, java.vendor=Oracle Corporation, org.gradle.test.worker=6, file.separator=\, java.vendor.url.bug=http://bugreport.sun.com/bugreport/, sun.io.unicode.encoding=UnicodeLittle, sun.cpu.endian=little, sun.desktop=windows, sun.cpu.isalist=amd64}}, SystemEnvironmentPropertySource@55040749 {name='systemEnvironment', properties={USERDOMAIN_ROAMINGPROFILE=STI2K, PROCESSOR_LEVEL=6, SESSIONNAME=Console, ALLUSERSPROFILE=C:\ProgramData, PROCESSOR_ARCHITECTURE=AMD64, VSCODE_GIT_IPC_HANDLE=\\.\pipe\vscode-git-351b36b324-sock, PSModulePath=C:\Users\khai.pham\Documents\WindowsPowerShell\Modules;C:\Program Files\WindowsPowerShell\Modules;C:\Windows\system32\WindowsPowerShell\v1.0\Modules, SystemDrive=C:, COLORTERM=truecolor, DIRNAME=D:\Project\Pact\Template\Pact-JVM-Example\, USERNAME=khai.pham, USERDNSDOMAIN=LOGIGEAR.COM, VSCODE_GIT_ASKPASS_NODE=C:\Users\khai.pham\AppData\Local\Programs\Microsoft VS Code\Code.exe, TERM_PROGRAM_VERSION=1.50.0, CMD_LINE_ARGS=:example-consumer:clean test, GIT_ASKPASS=c:\Users\khai.pham\AppData\Local\Programs\Microsoft VS Code\resources\app\extensions\git\dist\askpass.sh, ProgramFiles(x86)=C:\Program Files (x86), CHROME_CRASHPAD_PIPE_NAME=\\.\pipe\crashpad_7920_RWEQEQBBZQRZASWK, APP_HOME=D:\Project\Pact\Template\Pact-JVM-Example\, PATHEXT=.COM;.EXE;.BAT;.CMD;.VBS;.VBE;.JS;.JSE;.WSF;.WSH;.MSC;.CPL, DriverData=C:\Windows\System32\Drivers\DriverData, ORIGINAL_XDG_CURRENT_DESKTOP=undefined, ProgramData=C:\ProgramData, ProgramW6432=C:\Program Files, HOMEPATH=\Users\khai.pham, PROCESSOR_IDENTIFIER=Intel64 Family 6 Model 158 Stepping 9, GenuineIntel, ProgramFiles=C:\Program Files, PUBLIC=C:\Users\Public, windir=C:\Windows, _SKIP=2, LOCALAPPDATA=C:\Users\khai.pham\AppData\Local, USERDOMAIN=STI2K, LOGONSERVER=\\SMTP5, JAVA_HOME=C:\Program Files\Java\jdk1.8.0_251, PROMPT=$P$G, LANG=en_US.UTF-8, VSCODE_GIT_ASKPASS_MAIN=c:\Users\khai.pham\AppData\Local\Programs\Microsoft VS Code\resources\app\extensions\git\dist\askpass-main.js, OneDrive=C:\Users\khai.pham\OneDrive, APPDATA=C:\Users\khai.pham\AppData\Roaming, JAVA_EXE=C:\Program Files\Java\jdk1.8.0_251/bin/java.exe, CommonProgramFiles=C:\Program Files\Common Files, Path=C:\Program Files\AdoptOpenJDK\jdk-11.0.8.10-hotspot\bin;C:\Program Files (x86)\Common Files\Oracle\Java\javapath;C:\Windows\system32;C:\Windows;C:\Windows\System32\Wbem;C:\Windows\System32\WindowsPowerShell\v1.0\;C:\Windows\System32\OpenSSH\;D:\tools\apache-maven-3.6.3\bin;C:\Program Files\nodejs\;C:\Program Files\Java\jdk1.8.0_251;C:\Program Files\Git\cmd;C:\Users\khai.pham\AppData\Local\Programs\Python\Python39\Scripts\;C:\Users\khai.pham\AppData\Local\Programs\Python\Python39\;C:\Users\khai.pham\AppData\Local\Microsoft\WindowsApps;;C:\Users\khai.pham\AppData\Local\Programs\Microsoft VS Code\bin;C:\Users\khai.pham\AppData\Roaming\npm, OS=Windows_NT, TERM_PROGRAM=vscode, COMPUTERNAME=COM-18-1216-W10, PROCESSOR_REVISION=9e09, CLASSPATH=D:\Project\Pact\Template\Pact-JVM-Example\\gradle\wrapper\gradle-wrapper.jar, CommonProgramW6432=C:\Program Files\Common Files, ComSpec=C:\Windows\system32\cmd.exe, APP_BASE_NAME=gradlew, =D:=D:\Project\Pact\Template\Pact-JVM-Example, SystemRoot=C:\Windows, TEMP=C:\Users\KHAI~1.PHA\AppData\Local\Temp, HOMEDRIVE=C:, USERPROFILE=C:\Users\khai.pham, TMP=C:\Users\KHAI~1.PHA\AppData\Local\Temp, CommonProgramFiles(x86)=C:\Program Files (x86)\Common Files, NUMBER_OF_PROCESSORS=4}}]
17:19:40.272 [Test worker] DEBUG org.springframework.core.env.MutablePropertySources - Adding PropertySource 'inline' with highest search precedence
17:19:40.276 [Test worker] DEBUG org.springframework.test.context.support.TestPropertySourceUtils - Adding inlined properties to environment: {spring.jmx.enabled=false, org.springframework.boot.test.context.SpringBootTestContextBootstrapper=true, server.port=-1}
17:19:40.276 [Test worker] DEBUG org.springframework.core.env.StandardEnvironment - Adding PropertySource 'Inlined Test Properties' with highest search precedence

  .   ____          _            __ _ _
 /\\ / ___'_ __ _ _(_)_ __  __ _ \ \ \ \
( ( )\___ | '_ | '_| | '_ \/ _` | \ \ \ \
 \\/  ___)| |_)| | | | | || (_| |  ) ) ) )
  '  |____| .__|_| |_|_| |_\__, | / / / /
 =========|_|==============|___/=/_/_/_/
 :: Spring Boot ::        (v1.5.8.RELEASE)

2020-10-14 17:19:40.465  WARN 9612 --- [    Test worker] ory$DuplicateJsonObjectContextCustomizer : 

Found multiple occurrences of org.json.JSONObject on the class path:

	jar:file:/C:/Users/khai.pham/.gradle/caches/modules-2/files-2.1/org.json/json/20140107/d1ffca6e2482b002702c6a576166fd685e3370e3/json-20140107.jar!/org/json/JSONObject.class
	jar:file:/C:/Users/khai.pham/.gradle/caches/modules-2/files-2.1/com.vaadin.external.google/android-json/0.0.20131108.vaadin1/fa26d351fe62a6a17f5cda1287c1c6110dec413f/android-json-0.0.20131108.vaadin1.jar!/org/json/JSONObject.class

You may wish to exclude one of them to ensure predictable runtime behaviour

2020-10-14 17:19:40.478  INFO 9612 --- [    Test worker] .c.PactJunitRuleMultipleInteractionsTest : Starting PactJunitRuleMultipleInteractionsTest on Com-18-1216-W10 with PID 9612 (started by khai.pham in D:\Project\Pact\Template\Pact-JVM-Example\example-consumer)
2020-10-14 17:19:40.482  INFO 9612 --- [    Test worker] .c.PactJunitRuleMultipleInteractionsTest : No active profile set, falling back to default profiles: default
2020-10-14 17:19:40.676  INFO 9612 --- [    Test worker] o.s.w.c.s.GenericWebApplicationContext   : Refreshing org.springframework.web.context.support.GenericWebApplicationContext@23ba59ec: startup date [Wed Oct 14 17:19:40 ICT 2020]; root of context hierarchy
2020-10-14 17:19:42.083  INFO 9612 --- [    Test worker] s.w.s.m.m.a.RequestMappingHandlerAdapter : Looking for @ControllerAdvice: org.springframework.web.context.support.GenericWebApplicationContext@23ba59ec: startup date [Wed Oct 14 17:19:40 ICT 2020]; root of context hierarchy
2020-10-14 17:19:42.131  INFO 9612 --- [    Test worker] s.w.s.m.m.a.RequestMappingHandlerMapping : Mapped "{[/miku]}" onto public java.lang.String pact.consumer.InformationController.miku(org.springframework.ui.Model)
2020-10-14 17:19:42.133  INFO 9612 --- [    Test worker] s.w.s.m.m.a.RequestMappingHandlerMapping : Mapped "{[/error]}" onto public org.springframework.http.ResponseEntity<java.util.Map<java.lang.String, java.lang.Object>> org.springframework.boot.autoconfigure.web.BasicErrorController.error(javax.servlet.http.HttpServletRequest)
2020-10-14 17:19:42.133  INFO 9612 --- [    Test worker] s.w.s.m.m.a.RequestMappingHandlerMapping : Mapped "{[/error],produces=[text/html]}" onto public org.springframework.web.servlet.ModelAndView org.springframework.boot.autoconfigure.web.BasicErrorController.errorHtml(javax.servlet.http.HttpServletRequest,javax.servlet.http.HttpServletResponse)
2020-10-14 17:19:42.158  INFO 9612 --- [    Test worker] o.s.w.s.handler.SimpleUrlHandlerMapping  : Mapped URL path [/webjars/**] onto handler of type [class org.springframework.web.servlet.resource.ResourceHttpRequestHandler]
2020-10-14 17:19:42.158  INFO 9612 --- [    Test worker] o.s.w.s.handler.SimpleUrlHandlerMapping  : Mapped URL path [/**] onto handler of type [class org.springframework.web.servlet.resource.ResourceHttpRequestHandler]
2020-10-14 17:19:42.188  INFO 9612 --- [    Test worker] o.s.w.s.handler.SimpleUrlHandlerMapping  : Mapped URL path [/**/favicon.ico] onto handler of type [class org.springframework.web.servlet.resource.ResourceHttpRequestHandler]
2020-10-14 17:19:42.234  WARN 9612 --- [    Test worker] .t.AbstractTemplateResolverConfiguration : Cannot find template location: classpath:/templates/ (please add some templates or check your Thymeleaf configuration)
2020-10-14 17:19:42.622  INFO 9612 --- [    Test worker] .c.PactJunitRuleMultipleInteractionsTest : Started PactJunitRuleMultipleInteractionsTest in 2.34 seconds (JVM running for 3.184)
]]></system-out>
  <system-err><![CDATA[]]></system-err>
</testsuite>
